2017-08-30T14:02:15+02:00 EMERG (0): Zend_Controller_Dispatcher_Exception: Invalid controller specified (OntoWiki) -> /var/www/html/OntoWiki/vendor/zendframework/zendframework1/library/Zend/Controller/Dispatcher/Standard.php@248
2017-08-30T14:02:25+02:00 EMERG (0): Zend_Controller_Action_Exception: Action "new" does not exist and was not trapped in __call() -> /var/www/html/OntoWiki/vendor/zendframework/zendframework1/library/Zend/Controller/Action.php@485
2017-08-30T16:20:21+02:00 EMERG (0): Zend_Controller_Dispatcher_Exception: Invalid controller specified (OntoWiki) -> /var/www/html/OntoWiki/vendor/zendframework/zendframework1/library/Zend/Controller/Dispatcher/Standard.php@248
2017-08-30T16:20:53+02:00 EMERG (0): Zend_Controller_Dispatcher_Exception: Invalid controller specified (OntoWiki) -> /var/www/html/OntoWiki/vendor/zendframework/zendframework1/library/Zend/Controller/Dispatcher/Standard.php@248
2017-08-30T16:22:03+02:00 EMERG (0): Zend_Controller_Dispatcher_Exception: Invalid controller specified (OntoWiki) -> /var/www/html/OntoWiki/vendor/zendframework/zendframework1/library/Zend/Controller/Dispatcher/Standard.php@248
2017-08-30T16:22:50+02:00 EMERG (0): Zend_Controller_Dispatcher_Exception: Invalid controller specified (extensions) -> /var/www/html/OntoWiki/vendor/zendframework/zendframework1/library/Zend/Controller/Dispatcher/Standard.php@248
2017-08-30T17:09:02+02:00 EMERG (0): Zend_Controller_Dispatcher_Exception: Invalid controller specified (extensions) -> /var/www/html/OntoWiki/vendor/zendframework/zendframework1/library/Zend/Controller/Dispatcher/Standard.php@248
2017-08-30T17:23:51+02:00 EMERG (0): Zend_Controller_Dispatcher_Exception: Invalid controller specified (extensions) -> /var/www/html/OntoWiki/vendor/zendframework/zendframework1/library/Zend/Controller/Dispatcher/Standard.php@248
2017-08-30T17:24:09+02:00 EMERG (0): Zend_Controller_Dispatcher_Exception: Invalid controller specified (OntoWiki) -> /var/www/html/OntoWiki/vendor/zendframework/zendframework1/library/Zend/Controller/Dispatcher/Standard.php@248
2017-09-01T16:26:22+02:00 EMERG (0): Zend_Controller_Dispatcher_Exception: Invalid controller specified (OntoWiki) -> /var/www/html/OntoWiki/vendor/zendframework/zendframework1/library/Zend/Controller/Dispatcher/Standard.php@248
2017-09-01T16:38:47+02:00 EMERG (0): Zend_Controller_Dispatcher_Exception: Invalid controller specified (extensions) -> /var/www/html/OntoWiki/vendor/zendframework/zendframework1/library/Zend/Controller/Dispatcher/Standard.php@248
2017-09-01T16:53:12+02:00 EMERG (0): Zend_Controller_Dispatcher_Exception: Invalid controller specified (extensions) -> /var/www/html/OntoWiki/vendor/zendframework/zendframework1/library/Zend/Controller/Dispatcher/Standard.php@248
2017-09-01T16:56:32+02:00 EMERG (0): Zend_Controller_Dispatcher_Exception: Invalid controller specified (extensions) -> /var/www/html/OntoWiki/vendor/zendframework/zendframework1/library/Zend/Controller/Dispatcher/Standard.php@248
2017-09-01T17:56:41+02:00 EMERG (0): Zend_Controller_Dispatcher_Exception: Invalid controller specified (extensions) -> /var/www/html/OntoWiki/vendor/zendframework/zendframework1/library/Zend/Controller/Dispatcher/Standard.php@248
2017-09-07T10:46:31+02:00 EMERG (0): Zend_Controller_Dispatcher_Exception: Invalid controller specified (OntoWiki) -> /var/www/html/OntoWiki/vendor/zendframework/zendframework1/library/Zend/Controller/Dispatcher/Standard.php@248
2017-09-07T10:46:35+02:00 EMERG (0): Zend_Controller_Dispatcher_Exception: Invalid controller specified (OntoWiki) -> /var/www/html/OntoWiki/vendor/zendframework/zendframework1/library/Zend/Controller/Dispatcher/Standard.php@248
2017-09-28T16:05:34+02:00 EMERG (0): Zend_Controller_Dispatcher_Exception: Invalid controller specified (OntoWiki) -> /var/www/html/OntoWiki/vendor/zendframework/zendframework1/library/Zend/Controller/Dispatcher/Standard.php@248
2017-09-28T16:05:38+02:00 EMERG (0): Zend_Controller_Dispatcher_Exception: Invalid controller specified (OntoWiki) -> /var/www/html/OntoWiki/vendor/zendframework/zendframework1/library/Zend/Controller/Dispatcher/Standard.php@248
2017-09-28T16:05:57+02:00 EMERG (0): Zend_Controller_Dispatcher_Exception: Invalid controller specified (OntoWiki) -> /var/www/html/OntoWiki/vendor/zendframework/zendframework1/library/Zend/Controller/Dispatcher/Standard.php@248
2017-09-29T15:36:56+02:00 EMERG (0): Erfurt_Store_Adapter_Exception: Unable to connect to Virtuoso Universal Server via ODBC: 
odbc_connect(): SQL error: [unixODBC][OpenLink][Virtuoso iODBC Driver]CL033: Connect failed to localhost:1111 = localhost:1111., SQL state S2801 in SQLConnect -> /var/www/html/OntoWiki/vendor/aksw/erfurt/library/Erfurt/Store/Adapter/Virtuoso.php@290
2017-09-29T16:16:09+02:00 EMERG (0): Zend_Controller_Dispatcher_Exception: Invalid controller specified (OntoWiki) -> /var/www/html/OntoWiki/vendor/zendframework/zendframework1/library/Zend/Controller/Dispatcher/Standard.php@248
2017-09-29T16:16:13+02:00 EMERG (0): Zend_Controller_Dispatcher_Exception: Invalid controller specified (OntoWiki) -> /var/www/html/OntoWiki/vendor/zendframework/zendframework1/library/Zend/Controller/Dispatcher/Standard.php@248
2017-10-07T16:54:48+02:00 EMERG (0): Zend_Controller_Dispatcher_Exception: Invalid controller specified (OntoWiki) -> /var/www/html/OntoWiki/vendor/zendframework/zendframework1/library/Zend/Controller/Dispatcher/Standard.php@248
2017-10-07T16:54:52+02:00 EMERG (0): Zend_Controller_Dispatcher_Exception: Invalid controller specified (OntoWiki) -> /var/www/html/OntoWiki/vendor/zendframework/zendframework1/library/Zend/Controller/Dispatcher/Standard.php@248
2017-10-07T17:08:24+02:00 EMERG (0): Zend_Controller_Dispatcher_Exception: Invalid controller specified (extensions) -> /var/www/html/OntoWiki/vendor/zendframework/zendframework1/library/Zend/Controller/Dispatcher/Standard.php@248
2017-10-08T16:42:56+02:00 EMERG (0): Zend_Controller_Dispatcher_Exception: Invalid controller specified (extensions) -> /var/www/html/OntoWiki/vendor/zendframework/zendframework1/library/Zend/Controller/Dispatcher/Standard.php@248
2017-10-08T16:50:16+02:00 EMERG (0): Zend_Controller_Dispatcher_Exception: Invalid controller specified (extensions) -> /var/www/html/OntoWiki/vendor/zendframework/zendframework1/library/Zend/Controller/Dispatcher/Standard.php@248
2017-10-08T17:10:16+02:00 EMERG (0): Zend_Controller_Dispatcher_Exception: Invalid controller specified (extensions) -> /var/www/html/OntoWiki/vendor/zendframework/zendframework1/library/Zend/Controller/Dispatcher/Standard.php@248
2017-10-08T17:23:23+02:00 EMERG (0): Zend_Controller_Dispatcher_Exception: Invalid controller specified (extensions) -> /var/www/html/OntoWiki/vendor/zendframework/zendframework1/library/Zend/Controller/Dispatcher/Standard.php@248
2017-10-08T17:24:23+02:00 EMERG (0): Zend_Controller_Dispatcher_Exception: Invalid controller specified (extensions) -> /var/www/html/OntoWiki/vendor/zendframework/zendframework1/library/Zend/Controller/Dispatcher/Standard.php@248
2017-10-09T09:30:18+02:00 EMERG (0): Zend_Controller_Dispatcher_Exception: Invalid controller specified (OntoWiki) -> /var/www/html/OntoWiki/vendor/zendframework/zendframework1/library/Zend/Controller/Dispatcher/Standard.php@248
2017-10-09T09:30:20+02:00 EMERG (0): Zend_Controller_Dispatcher_Exception: Invalid controller specified (OntoWiki) -> /var/www/html/OntoWiki/vendor/zendframework/zendframework1/library/Zend/Controller/Dispatcher/Standard.php@248
2017-10-09T18:09:13+02:00 EMERG (0): Zend_Controller_Dispatcher_Exception: Invalid controller specified (OntoWiki) -> /var/www/html/OntoWiki/vendor/zendframework/zendframework1/library/Zend/Controller/Dispatcher/Standard.php@248
2017-10-09T18:09:23+02:00 EMERG (0): Zend_Controller_Action_Exception: Action "new" does not exist and was not trapped in __call() -> /var/www/html/OntoWiki/vendor/zendframework/zendframework1/library/Zend/Controller/Action.php@485
2017-10-10T10:44:41+02:00 EMERG (0): Zend_Controller_Dispatcher_Exception: Invalid controller specified (OntoWiki) -> /var/www/html/OntoWiki/vendor/zendframework/zendframework1/library/Zend/Controller/Dispatcher/Standard.php@248
2017-10-11T15:07:27+02:00 EMERG (0): Zend_Controller_Dispatcher_Exception: Invalid controller specified (OntoWiki) -> /var/www/html/OntoWiki/vendor/zendframework/zendframework1/library/Zend/Controller/Dispatcher/Standard.php@248
2017-10-11T15:07:31+02:00 EMERG (0): Zend_Controller_Dispatcher_Exception: Invalid controller specified (OntoWiki) -> /var/www/html/OntoWiki/vendor/zendframework/zendframework1/library/Zend/Controller/Dispatcher/Standard.php@248
2017-10-12T10:13:59+02:00 EMERG (0): OntoWiki_Exception: Missing parameter m (model) and no selected model in session! -> /var/www/html/OntoWiki/extensions/navigation/NavigationController.php@47
2017-10-15T14:15:31+02:00 EMERG (0): Zend_Controller_Dispatcher_Exception: Invalid controller specified (OntoWiki) -> /var/www/html/OntoWiki/vendor/zendframework/zendframework1/library/Zend/Controller/Dispatcher/Standard.php@248
2017-10-16T17:33:39+02:00 EMERG (0): Zend_Controller_Dispatcher_Exception: Invalid controller specified (OntoWiki) -> /var/www/html/OntoWiki/vendor/zendframework/zendframework1/library/Zend/Controller/Dispatcher/Standard.php@248
2017-10-16T17:33:41+02:00 EMERG (0): Zend_Controller_Dispatcher_Exception: Invalid controller specified (OntoWiki) -> /var/www/html/OntoWiki/vendor/zendframework/zendframework1/library/Zend/Controller/Dispatcher/Standard.php@248
2017-10-16T20:30:55+02:00 EMERG (0): Erfurt_Ac_Exception: No valid user was given. -> /var/www/html/OntoWiki/vendor/aksw/erfurt/library/Erfurt/Ac/Default.php@534
2017-10-16T20:33:09+02:00 EMERG (0): Erfurt_Ac_Exception: No valid user was given. -> /var/www/html/OntoWiki/vendor/aksw/erfurt/library/Erfurt/Ac/Default.php@534
2017-10-16T20:34:07+02:00 EMERG (0): Erfurt_Ac_Exception: No valid user was given. -> /var/www/html/OntoWiki/vendor/aksw/erfurt/library/Erfurt/Ac/Default.php@534
2017-10-17T16:40:40+02:00 EMERG (0): Zend_Controller_Dispatcher_Exception: Invalid controller specified (OntoWiki) -> /var/www/html/OntoWiki/vendor/zendframework/zendframework1/library/Zend/Controller/Dispatcher/Standard.php@248
2017-10-17T16:40:59+02:00 EMERG (0): Zend_Controller_Dispatcher_Exception: Invalid controller specified (OntoWiki) -> /var/www/html/OntoWiki/vendor/zendframework/zendframework1/library/Zend/Controller/Dispatcher/Standard.php@248
2017-10-18T09:22:55+02:00 EMERG (0): Zend_Controller_Dispatcher_Exception: Invalid controller specified (OntoWiki) -> /var/www/html/OntoWiki/vendor/zendframework/zendframework1/library/Zend/Controller/Dispatcher/Standard.php@248
2017-10-18T09:22:58+02:00 EMERG (0): Zend_Controller_Dispatcher_Exception: Invalid controller specified (OntoWiki) -> /var/www/html/OntoWiki/vendor/zendframework/zendframework1/library/Zend/Controller/Dispatcher/Standard.php@248
2017-10-18T12:01:15+02:00 EMERG (0): Zend_Controller_Dispatcher_Exception: Invalid controller specified (OntoWiki) -> /var/www/html/OntoWiki/vendor/zendframework/zendframework1/library/Zend/Controller/Dispatcher/Standard.php@248
2017-10-18T12:01:18+02:00 EMERG (0): Zend_Controller_Dispatcher_Exception: Invalid controller specified (OntoWiki) -> /var/www/html/OntoWiki/vendor/zendframework/zendframework1/library/Zend/Controller/Dispatcher/Standard.php@248
2017-10-18T13:47:31+02:00 EMERG (0): Zend_Controller_Dispatcher_Exception: Invalid controller specified (OntoWiki) -> /var/www/html/OntoWiki/vendor/zendframework/zendframework1/library/Zend/Controller/Dispatcher/Standard.php@248
2017-10-22T13:50:36+02:00 EMERG (0): Zend_Controller_Dispatcher_Exception: Invalid controller specified (OntoWiki) -> /var/www/html/OntoWiki/vendor/zendframework/zendframework1/library/Zend/Controller/Dispatcher/Standard.php@248
2017-10-22T14:41:14+02:00 EMERG (0): RuntimeException: Argument 1 passed to Erfurt_Sparql_Query2::addFrom must be an instance of Erfurt_Sparql_Query2_GraphClause or Erfurt_Sparql_Query2_IriRef or string, instance of NULL given -> /var/www/html/OntoWiki/vendor/aksw/erfurt/library/Erfurt/Sparql/Query2.php@555
2017-10-25T11:28:13+02:00 EMERG (0): Erfurt_Ac_Exception: No valid user was given. -> /var/www/html/OntoWiki/vendor/aksw/erfurt/library/Erfurt/Ac/Default.php@534
2017-10-25T11:28:52+02:00 EMERG (0): Erfurt_Ac_Exception: No valid user was given. -> /var/www/html/OntoWiki/vendor/aksw/erfurt/library/Erfurt/Ac/Default.php@534
2017-10-25T13:47:20+02:00 EMERG (0): OntoWiki_Exception: Missing parameter m (model) and no selected model in session! -> /var/www/html/OntoWiki/extensions/navigation/NavigationController.php@47
2017-10-25T16:51:14+02:00 EMERG (0): Zend_Controller_Action_Exception: Action "new" does not exist and was not trapped in __call() -> /var/www/html/OntoWiki/vendor/zendframework/zendframework1/library/Zend/Controller/Action.php@485
2017-10-26T14:15:16+02:00 EMERG (0): Zend_Controller_Dispatcher_Exception: Invalid controller specified (OntoWiki) -> /var/www/html/OntoWiki/vendor/zendframework/zendframework1/library/Zend/Controller/Dispatcher/Standard.php@248
2017-10-29T11:33:45+01:00 EMERG (0): Zend_Controller_Action_Exception: Action "new" does not exist and was not trapped in __call() -> /var/www/html/OntoWiki/vendor/zendframework/zendframework1/library/Zend/Controller/Action.php@485
2017-10-29T13:51:40+01:00 EMERG (0): Zend_Controller_Action_Exception: Action "new" does not exist and was not trapped in __call() -> /var/www/html/OntoWiki/vendor/zendframework/zendframework1/library/Zend/Controller/Action.php@485
2017-10-29T16:53:40+01:00 EMERG (0): Zend_Controller_Action_Exception: Action "new" does not exist and was not trapped in __call() -> /var/www/html/OntoWiki/vendor/zendframework/zendframework1/library/Zend/Controller/Action.php@485
2017-10-30T14:48:01+01:00 EMERG (0): OntoWiki_Controller_Exception: No model given. -> /var/www/html/OntoWiki/application/controllers/ResourceController.php@417
2017-10-30T14:48:04+01:00 EMERG (0): OntoWiki_Controller_Exception: No model given. -> /var/www/html/OntoWiki/application/controllers/ResourceController.php@417
2017-10-30T14:48:07+01:00 EMERG (0): OntoWiki_Controller_Exception: No model given. -> /var/www/html/OntoWiki/application/controllers/ResourceController.php@417
2017-10-30T14:48:11+01:00 EMERG (0): OntoWiki_Controller_Exception: No model given. -> /var/www/html/OntoWiki/application/controllers/ResourceController.php@417
2017-11-01T16:20:57+01:00 EMERG (0): OntoWiki_Exception: Missing parameter m (model) and no selected model in session! -> /var/www/html/OntoWiki/extensions/navigation/NavigationController.php@47
2017-11-01T20:00:53+01:00 EMERG (0): OntoWiki_Controller_Exception: No model given. -> /var/www/html/OntoWiki/application/controllers/ResourceController.php@417
2017-11-01T20:03:42+01:00 EMERG (0): OntoWiki_Controller_Exception: No model given. -> /var/www/html/OntoWiki/application/controllers/ResourceController.php@417
2017-11-02T10:21:20+01:00 EMERG (0): Zend_Controller_Dispatcher_Exception: Invalid controller specified (OntoWiki) -> /var/www/html/OntoWiki/vendor/zendframework/zendframework1/library/Zend/Controller/Dispatcher/Standard.php@248
2017-11-03T21:14:16+01:00 EMERG (0): Erfurt_Store_Exception: Model "" is not available. -> /var/www/html/OntoWiki/vendor/aksw/erfurt/library/Erfurt/Store.php@1060
2017-11-04T05:59:58+01:00 EMERG (0): OntoWiki_Controller_Exception: No model given. -> /var/www/html/OntoWiki/application/controllers/ResourceController.php@417
2017-11-04T07:06:02+01:00 EMERG (0): OntoWiki_Controller_Exception: No model given. -> /var/www/html/OntoWiki/application/controllers/ResourceController.php@417
2017-11-04T08:58:30+01:00 EMERG (0): OntoWiki_Controller_Exception: No model given. -> /var/www/html/OntoWiki/application/controllers/ResourceController.php@417
2017-11-04T11:39:09+01:00 EMERG (0): OntoWiki_Controller_Exception: No model given. -> /var/www/html/OntoWiki/application/controllers/ResourceController.php@417
2017-11-04T11:39:18+01:00 EMERG (0): OntoWiki_Controller_Exception: No model given. -> /var/www/html/OntoWiki/application/controllers/ResourceController.php@417
2017-11-04T12:15:37+01:00 EMERG (0): OntoWiki_Controller_Exception: No model given. -> /var/www/html/OntoWiki/application/controllers/ResourceController.php@417
2017-11-04T12:15:43+01:00 EMERG (0): OntoWiki_Controller_Exception: No model given. -> /var/www/html/OntoWiki/application/controllers/ResourceController.php@417
2017-11-04T12:56:45+01:00 EMERG (0): OntoWiki_Controller_Exception: No model given. -> /var/www/html/OntoWiki/application/controllers/ResourceController.php@417
2017-11-04T13:36:54+01:00 EMERG (0): OntoWiki_Controller_Exception: No model given. -> /var/www/html/OntoWiki/application/controllers/ResourceController.php@417
2017-11-04T13:57:33+01:00 EMERG (0): OntoWiki_Controller_Exception: No model given. -> /var/www/html/OntoWiki/application/controllers/ResourceController.php@417
2017-11-04T14:12:51+01:00 EMERG (0): OntoWiki_Controller_Exception: No model given. -> /var/www/html/OntoWiki/application/controllers/ResourceController.php@417
2017-11-04T15:34:13+01:00 EMERG (0): OntoWiki_Controller_Exception: No model given. -> /var/www/html/OntoWiki/application/controllers/ResourceController.php@417
2017-11-04T16:17:43+01:00 EMERG (0): OntoWiki_Controller_Exception: No model given. -> /var/www/html/OntoWiki/application/controllers/ResourceController.php@417
2017-11-04T16:57:18+01:00 EMERG (0): OntoWiki_Controller_Exception: No model given. -> /var/www/html/OntoWiki/application/controllers/ResourceController.php@417
2017-11-04T16:57:21+01:00 EMERG (0): OntoWiki_Controller_Exception: No model given. -> /var/www/html/OntoWiki/application/controllers/ResourceController.php@417
2017-11-04T16:57:24+01:00 EMERG (0): OntoWiki_Controller_Exception: No model given. -> /var/www/html/OntoWiki/application/controllers/ResourceController.php@417
2017-11-04T17:34:45+01:00 EMERG (0): OntoWiki_Controller_Exception: No model given. -> /var/www/html/OntoWiki/application/controllers/ResourceController.php@417
2017-11-04T17:34:48+01:00 EMERG (0): OntoWiki_Controller_Exception: No model given. -> /var/www/html/OntoWiki/application/controllers/ResourceController.php@417
2017-11-04T17:35:33+01:00 EMERG (0): OntoWiki_Controller_Exception: No model given. -> /var/www/html/OntoWiki/application/controllers/ResourceController.php@417
2017-11-04T18:11:51+01:00 EMERG (0): OntoWiki_Controller_Exception: No model given. -> /var/www/html/OntoWiki/application/controllers/ResourceController.php@417
2017-11-04T18:20:05+01:00 EMERG (0): OntoWiki_Controller_Exception: No model given. -> /var/www/html/OntoWiki/application/controllers/ResourceController.php@417
2017-11-04T18:26:38+01:00 EMERG (0): OntoWiki_Controller_Exception: No model given. -> /var/www/html/OntoWiki/application/controllers/ResourceController.php@417
2017-11-04T19:14:14+01:00 EMERG (0): OntoWiki_Controller_Exception: No model given. -> /var/www/html/OntoWiki/application/controllers/ResourceController.php@417
2017-11-04T19:35:04+01:00 EMERG (0): OntoWiki_Controller_Exception: No model given. -> /var/www/html/OntoWiki/application/controllers/ResourceController.php@417
2017-11-04T19:38:50+01:00 EMERG (0): OntoWiki_Controller_Exception: No model given. -> /var/www/html/OntoWiki/application/controllers/ResourceController.php@417
2017-11-04T21:02:51+01:00 EMERG (0): OntoWiki_Controller_Exception: No model given. -> /var/www/html/OntoWiki/application/controllers/ResourceController.php@417
2017-11-04T21:06:33+01:00 EMERG (0): OntoWiki_Controller_Exception: No model given. -> /var/www/html/OntoWiki/application/controllers/ResourceController.php@417
2017-11-04T21:07:25+01:00 EMERG (0): Erfurt_Store_Exception: Model "" is not available. -> /var/www/html/OntoWiki/vendor/aksw/erfurt/library/Erfurt/Store.php@1060
2017-11-05T01:55:23+01:00 EMERG (0): Erfurt_Store_Exception: Model "" is not available. -> /var/www/html/OntoWiki/vendor/aksw/erfurt/library/Erfurt/Store.php@1060
2017-11-06T02:57:15+01:00 EMERG (0): OntoWiki_Controller_Exception: No model given. -> /var/www/html/OntoWiki/application/controllers/ResourceController.php@417
2017-11-07T18:01:44+01:00 EMERG (0): OntoWiki_Controller_Exception: No model given. -> /var/www/html/OntoWiki/application/controllers/ResourceController.php@417
2017-11-07T18:02:44+01:00 EMERG (0): OntoWiki_Controller_Exception: No model given. -> /var/www/html/OntoWiki/application/controllers/ResourceController.php@417
2017-11-07T19:55:29+01:00 EMERG (0): OntoWiki_Controller_Exception: No model given. -> /var/www/html/OntoWiki/application/controllers/ResourceController.php@417
2017-11-08T01:21:40+01:00 EMERG (0): OntoWiki_Controller_Exception: No model given. -> /var/www/html/OntoWiki/application/controllers/ResourceController.php@417
2017-11-08T01:21:55+01:00 EMERG (0): OntoWiki_Controller_Exception: No model given. -> /var/www/html/OntoWiki/application/controllers/ResourceController.php@417
2017-11-08T10:04:12+01:00 EMERG (0): OntoWiki_Controller_Exception: No model given. -> /var/www/html/OntoWiki/application/controllers/ResourceController.php@417
2017-11-08T12:25:47+01:00 EMERG (0): Erfurt_Store_Exception: Model "" is not available. -> /var/www/html/OntoWiki/vendor/aksw/erfurt/library/Erfurt/Store.php@1060
2017-11-08T15:11:56+01:00 EMERG (0): OntoWiki_Controller_Exception: No model given. -> /var/www/html/OntoWiki/application/controllers/ResourceController.php@417
2017-11-08T16:54:23+01:00 EMERG (0): OntoWiki_Controller_Exception: No model given. -> /var/www/html/OntoWiki/application/controllers/ResourceController.php@417
2017-11-08T16:54:31+01:00 EMERG (0): Erfurt_Store_Exception: Model "" is not available. -> /var/www/html/OntoWiki/vendor/aksw/erfurt/library/Erfurt/Store.php@1060
2017-11-08T17:30:37+01:00 EMERG (0): OntoWiki_Controller_Exception: No model given. -> /var/www/html/OntoWiki/application/controllers/ResourceController.php@417
2017-11-08T21:13:08+01:00 EMERG (0): OntoWiki_Controller_Exception: No model given. -> /var/www/html/OntoWiki/application/controllers/ResourceController.php@417
2017-11-08T23:08:01+01:00 EMERG (0): OntoWiki_Controller_Exception: No model given. -> /var/www/html/OntoWiki/application/controllers/ResourceController.php@417
2017-11-09T00:48:45+01:00 EMERG (0): OntoWiki_Controller_Exception: No model given. -> /var/www/html/OntoWiki/application/controllers/ResourceController.php@417
2017-11-09T14:44:23+01:00 EMERG (0): Erfurt_Ac_Exception: No valid user was given. -> /var/www/html/OntoWiki/vendor/aksw/erfurt/library/Erfurt/Ac/Default.php@534
2017-11-14T14:16:10+01:00 EMERG (0): Zend_Controller_Dispatcher_Exception: Invalid controller specified (OntoWiki) -> /var/www/html/OntoWiki/vendor/zendframework/zendframework1/library/Zend/Controller/Dispatcher/Standard.php@248
2017-11-14T14:16:25+01:00 EMERG (0): Zend_Controller_Dispatcher_Exception: Invalid controller specified (OntoWiki) -> /var/www/html/OntoWiki/vendor/zendframework/zendframework1/library/Zend/Controller/Dispatcher/Standard.php@248
2017-11-14T14:16:46+01:00 EMERG (0): Zend_Controller_Dispatcher_Exception: Invalid controller specified (OntoWiki) -> /var/www/html/OntoWiki/vendor/zendframework/zendframework1/library/Zend/Controller/Dispatcher/Standard.php@248
2017-11-14T14:20:01+01:00 EMERG (0): Erfurt_Ac_Exception: No valid user was given. -> /var/www/html/OntoWiki/vendor/aksw/erfurt/library/Erfurt/Ac/Default.php@534
2017-11-14T14:20:18+01:00 EMERG (0): Erfurt_Ac_Exception: No valid user was given. -> /var/www/html/OntoWiki/vendor/aksw/erfurt/library/Erfurt/Ac/Default.php@534
2017-11-14T17:17:38+01:00 EMERG (0): Zend_Controller_Dispatcher_Exception: Invalid controller specified (OntoWiki) -> /var/www/html/OntoWiki/vendor/zendframework/zendframework1/library/Zend/Controller/Dispatcher/Standard.php@248
2017-11-14T17:17:41+01:00 EMERG (0): Zend_Controller_Dispatcher_Exception: Invalid controller specified (OntoWiki) -> /var/www/html/OntoWiki/vendor/zendframework/zendframework1/library/Zend/Controller/Dispatcher/Standard.php@248
2017-11-15T16:26:59+01:00 EMERG (0): Zend_Controller_Dispatcher_Exception: Invalid controller specified (OntoWiki) -> /var/www/html/OntoWiki/vendor/zendframework/zendframework1/library/Zend/Controller/Dispatcher/Standard.php@248
2017-12-11T10:34:12+01:00 EMERG (0): Zend_Controller_Dispatcher_Exception: Invalid controller specified (OntoWiki) -> /var/www/html/OntoWiki/vendor/zendframework/zendframework1/library/Zend/Controller/Dispatcher/Standard.php@248
2017-12-11T10:38:12+01:00 EMERG (0): Zend_Controller_Dispatcher_Exception: Invalid controller specified (OntoWiki) -> /var/www/html/OntoWiki/vendor/zendframework/zendframework1/library/Zend/Controller/Dispatcher/Standard.php@248
2017-12-11T10:38:39+01:00 EMERG (0): Zend_Controller_Dispatcher_Exception: Invalid controller specified (OntoWiki) -> /var/www/html/OntoWiki/vendor/zendframework/zendframework1/library/Zend/Controller/Dispatcher/Standard.php@248
2017-12-11T10:39:04+01:00 EMERG (0): Zend_Controller_Dispatcher_Exception: Invalid controller specified (OntoWiki) -> /var/www/html/OntoWiki/vendor/zendframework/zendframework1/library/Zend/Controller/Dispatcher/Standard.php@248
2017-12-11T10:39:08+01:00 EMERG (0): Zend_Controller_Action_Exception: Action "new" does not exist and was not trapped in __call() -> /var/www/html/OntoWiki/vendor/zendframework/zendframework1/library/Zend/Controller/Action.php@485
2017-12-11T11:28:04+01:00 EMERG (0): Zend_Controller_Dispatcher_Exception: Invalid controller specified (OntoWiki) -> /var/www/html/OntoWiki/vendor/zendframework/zendframework1/library/Zend/Controller/Dispatcher/Standard.php@248
2017-12-11T11:35:07+01:00 EMERG (0): Zend_Controller_Dispatcher_Exception: Invalid controller specified (OntoWiki) -> /var/www/html/OntoWiki/vendor/zendframework/zendframework1/library/Zend/Controller/Dispatcher/Standard.php@248
2017-12-11T11:36:15+01:00 EMERG (0): Zend_Controller_Action_Exception: Action "index" does not exist and was not trapped in __call() -> /var/www/html/OntoWiki/vendor/zendframework/zendframework1/library/Zend/Controller/Action.php@485
2017-12-12T10:09:48+01:00 EMERG (0): Zend_Controller_Dispatcher_Exception: Invalid controller specified (OntoWiki) -> /var/www/html/OntoWiki/vendor/zendframework/zendframework1/library/Zend/Controller/Dispatcher/Standard.php@248
2017-12-12T10:10:05+01:00 EMERG (0): Zend_Controller_Dispatcher_Exception: Invalid controller specified (OntoWiki) -> /var/www/html/OntoWiki/vendor/zendframework/zendframework1/library/Zend/Controller/Dispatcher/Standard.php@248
2018-03-01T16:06:22+01:00 EMERG (0): Zend_Controller_Dispatcher_Exception: Invalid controller specified (OntoWiki) -> /var/www/html/OntoWiki/vendor/zendframework/zendframework1/library/Zend/Controller/Dispatcher/Standard.php@248
2018-03-01T16:06:26+01:00 EMERG (0): Zend_Controller_Dispatcher_Exception: Invalid controller specified (OntoWiki) -> /var/www/html/OntoWiki/vendor/zendframework/zendframework1/library/Zend/Controller/Dispatcher/Standard.php@248
2018-03-01T21:34:59+01:00 EMERG (0): Zend_Controller_Dispatcher_Exception: Invalid controller specified (OntoWiki) -> /var/www/html/OntoWiki/vendor/zendframework/zendframework1/library/Zend/Controller/Dispatcher/Standard.php@248
2018-03-27T18:38:32+02:00 EMERG (0): Zend_Controller_Dispatcher_Exception: Invalid controller specified (OntoWiki) -> /var/www/html/OntoWiki/vendor/zendframework/zendframework1/library/Zend/Controller/Dispatcher/Standard.php@248
2018-03-27T18:40:35+02:00 EMERG (0): Zend_Controller_Dispatcher_Exception: Invalid controller specified (OntoWiki) -> /var/www/html/OntoWiki/vendor/zendframework/zendframework1/library/Zend/Controller/Dispatcher/Standard.php@248
2018-03-27T18:40:38+02:00 EMERG (0): Zend_Controller_Dispatcher_Exception: Invalid controller specified (OntoWiki) -> /var/www/html/OntoWiki/vendor/zendframework/zendframework1/library/Zend/Controller/Dispatcher/Standard.php@248
2018-03-27T18:40:42+02:00 EMERG (0): Zend_Controller_Dispatcher_Exception: Invalid controller specified (OntoWiki) -> /var/www/html/OntoWiki/vendor/zendframework/zendframework1/library/Zend/Controller/Dispatcher/Standard.php@248
2018-03-27T18:44:02+02:00 EMERG (0): Zend_Controller_Dispatcher_Exception: Invalid controller specified (OntoWiki) -> /var/www/html/OntoWiki/vendor/zendframework/zendframework1/library/Zend/Controller/Dispatcher/Standard.php@248
2018-03-27T18:44:27+02:00 EMERG (0): Zend_Controller_Dispatcher_Exception: Invalid controller specified (OntoWiki) -> /var/www/html/OntoWiki/vendor/zendframework/zendframework1/library/Zend/Controller/Dispatcher/Standard.php@248
2018-04-06T14:48:23+02:00 EMERG (0): Zend_Controller_Dispatcher_Exception: Invalid controller specified (OntoWiki) -> /var/www/html/OntoWiki/vendor/zendframework/zendframework1/library/Zend/Controller/Dispatcher/Standard.php@248
2018-04-06T14:48:23+02:00 EMERG (0): Zend_Controller_Dispatcher_Exception: Invalid controller specified (OntoWiki) -> /var/www/html/OntoWiki/vendor/zendframework/zendframework1/library/Zend/Controller/Dispatcher/Standard.php@248
2018-04-06T14:48:29+02:00 EMERG (0): Zend_Controller_Dispatcher_Exception: Invalid controller specified (OntoWiki) -> /var/www/html/OntoWiki/vendor/zendframework/zendframework1/library/Zend/Controller/Dispatcher/Standard.php@248
2018-04-06T14:48:43+02:00 EMERG (0): Zend_Controller_Dispatcher_Exception: Invalid controller specified (OntoWiki) -> /var/www/html/OntoWiki/vendor/zendframework/zendframework1/library/Zend/Controller/Dispatcher/Standard.php@248
2018-04-06T14:48:54+02:00 EMERG (0): Zend_Controller_Dispatcher_Exception: Invalid controller specified (OntoWiki) -> /var/www/html/OntoWiki/vendor/zendframework/zendframework1/library/Zend/Controller/Dispatcher/Standard.php@248
2018-04-06T14:53:25+02:00 EMERG (0): Zend_Mail_Transport_Exception: Unable to send mail.  -> /var/www/html/OntoWiki/vendor/zendframework/zendframework1/library/Zend/Mail/Transport/Sendmail.php@137
2018-04-06T14:53:38+02:00 EMERG (0): Zend_Mail_Transport_Exception: Unable to send mail.  -> /var/www/html/OntoWiki/vendor/zendframework/zendframework1/library/Zend/Mail/Transport/Sendmail.php@137
2018-04-06T14:56:00+02:00 EMERG (0): Erfurt_Ac_Exception: No valid user was given. -> /var/www/html/OntoWiki/vendor/aksw/erfurt/library/Erfurt/Ac/Default.php@534
2018-04-06T14:56:20+02:00 EMERG (0): Erfurt_Ac_Exception: No valid user was given. -> /var/www/html/OntoWiki/vendor/aksw/erfurt/library/Erfurt/Ac/Default.php@534
2018-04-06T14:58:40+02:00 EMERG (0): Erfurt_Ac_Exception: No valid user was given. -> /var/www/html/OntoWiki/vendor/aksw/erfurt/library/Erfurt/Ac/Default.php@534
2018-04-06T14:59:11+02:00 EMERG (0): Erfurt_Ac_Exception: No valid user was given. -> /var/www/html/OntoWiki/vendor/aksw/erfurt/library/Erfurt/Ac/Default.php@534
2018-04-06T15:02:40+02:00 EMERG (0): Zend_Controller_Dispatcher_Exception: Invalid controller specified (OntoWiki) -> /var/www/html/OntoWiki/vendor/zendframework/zendframework1/library/Zend/Controller/Dispatcher/Standard.php@248
2018-04-06T15:03:30+02:00 EMERG (0): Zend_Controller_Dispatcher_Exception: Invalid controller specified (OntoWiki) -> /var/www/html/OntoWiki/vendor/zendframework/zendframework1/library/Zend/Controller/Dispatcher/Standard.php@248
2018-04-06T15:03:48+02:00 EMERG (0): Zend_Controller_Dispatcher_Exception: Invalid controller specified (OntoWiki) -> /var/www/html/OntoWiki/vendor/zendframework/zendframework1/library/Zend/Controller/Dispatcher/Standard.php@248
2018-04-06T15:28:29+02:00 EMERG (0): Zend_Controller_Dispatcher_Exception: Invalid controller specified (OntoWiki) -> /var/www/html/OntoWiki/vendor/zendframework/zendframework1/library/Zend/Controller/Dispatcher/Standard.php@248
2018-04-06T16:02:38+02:00 EMERG (0): Zend_Controller_Dispatcher_Exception: Invalid controller specified (OntoWiki) -> /var/www/html/OntoWiki/vendor/zendframework/zendframework1/library/Zend/Controller/Dispatcher/Standard.php@248
2018-04-06T16:02:56+02:00 EMERG (0): Zend_Controller_Dispatcher_Exception: Invalid controller specified (OntoWiki) -> /var/www/html/OntoWiki/vendor/zendframework/zendframework1/library/Zend/Controller/Dispatcher/Standard.php@248
2018-04-06T16:03:07+02:00 EMERG (0): Zend_Controller_Dispatcher_Exception: Invalid controller specified (OntoWiki) -> /var/www/html/OntoWiki/vendor/zendframework/zendframework1/library/Zend/Controller/Dispatcher/Standard.php@248
2018-04-06T16:03:26+02:00 EMERG (0): Zend_Controller_Dispatcher_Exception: Invalid controller specified (OntoWiki) -> /var/www/html/OntoWiki/vendor/zendframework/zendframework1/library/Zend/Controller/Dispatcher/Standard.php@248
2018-04-06T16:03:48+02:00 EMERG (0): Zend_Controller_Dispatcher_Exception: Invalid controller specified (OntoWiki) -> /var/www/html/OntoWiki/vendor/zendframework/zendframework1/library/Zend/Controller/Dispatcher/Standard.php@248
2018-04-06T16:04:03+02:00 EMERG (0): Zend_Controller_Dispatcher_Exception: Invalid controller specified (OntoWiki) -> /var/www/html/OntoWiki/vendor/zendframework/zendframework1/library/Zend/Controller/Dispatcher/Standard.php@248
2018-04-06T16:04:05+02:00 EMERG (0): Zend_Controller_Action_Exception: Action "new" does not exist and was not trapped in __call() -> /var/www/html/OntoWiki/vendor/zendframework/zendframework1/library/Zend/Controller/Action.php@485
2018-04-15T14:39:17+02:00 EMERG (0): Zend_Controller_Dispatcher_Exception: Invalid controller specified (OntoWiki) -> /var/www/html/OntoWiki/vendor/zendframework/zendframework1/library/Zend/Controller/Dispatcher/Standard.php@248
2018-04-15T14:39:39+02:00 EMERG (0): Zend_Controller_Dispatcher_Exception: Invalid controller specified (OntoWiki) -> /var/www/html/OntoWiki/vendor/zendframework/zendframework1/library/Zend/Controller/Dispatcher/Standard.php@248
2018-04-15T14:39:47+02:00 EMERG (0): Zend_Controller_Dispatcher_Exception: Invalid controller specified (OntoWiki) -> /var/www/html/OntoWiki/vendor/zendframework/zendframework1/library/Zend/Controller/Dispatcher/Standard.php@248
2018-04-15T14:39:50+02:00 EMERG (0): Zend_Controller_Dispatcher_Exception: Invalid controller specified (OntoWiki) -> /var/www/html/OntoWiki/vendor/zendframework/zendframework1/library/Zend/Controller/Dispatcher/Standard.php@248
2018-04-15T14:40:01+02:00 EMERG (0): Zend_Controller_Dispatcher_Exception: Invalid controller specified (OntoWiki) -> /var/www/html/OntoWiki/vendor/zendframework/zendframework1/library/Zend/Controller/Dispatcher/Standard.php@248
2018-04-15T14:40:07+02:00 EMERG (0): Zend_Controller_Dispatcher_Exception: Invalid controller specified (OntoWiki) -> /var/www/html/OntoWiki/vendor/zendframework/zendframework1/library/Zend/Controller/Dispatcher/Standard.php@248
2018-04-15T14:40:08+02:00 EMERG (0): Zend_Controller_Dispatcher_Exception: Invalid controller specified (OntoWiki) -> /var/www/html/OntoWiki/vendor/zendframework/zendframework1/library/Zend/Controller/Dispatcher/Standard.php@248
2018-04-15T15:10:55+02:00 EMERG (0): Zend_Controller_Dispatcher_Exception: Invalid controller specified (OntoWiki) -> /var/www/html/OntoWiki/vendor/zendframework/zendframework1/library/Zend/Controller/Dispatcher/Standard.php@248
2018-04-17T12:49:06+02:00 EMERG (0): Zend_Controller_Dispatcher_Exception: Invalid controller specified (OntoWiki) -> /var/www/html/OntoWiki/vendor/zendframework/zendframework1/library/Zend/Controller/Dispatcher/Standard.php@248
2018-04-26T21:06:54+02:00 EMERG (0): Zend_Controller_Dispatcher_Exception: Invalid controller specified (OntoWiki) -> /var/www/html/OntoWiki/vendor/zendframework/zendframework1/library/Zend/Controller/Dispatcher/Standard.php@248
2018-04-26T21:12:18+02:00 EMERG (0): Zend_Controller_Dispatcher_Exception: Invalid controller specified (OntoWiki) -> /var/www/html/OntoWiki/vendor/zendframework/zendframework1/library/Zend/Controller/Dispatcher/Standard.php@248
2018-04-26T21:12:19+02:00 EMERG (0): Zend_Controller_Dispatcher_Exception: Invalid controller specified (OntoWiki) -> /var/www/html/OntoWiki/vendor/zendframework/zendframework1/library/Zend/Controller/Dispatcher/Standard.php@248
2018-04-26T21:26:28+02:00 EMERG (0): Zend_Controller_Dispatcher_Exception: Invalid controller specified (Site) -> /var/www/html/OntoWiki/vendor/zendframework/zendframework1/library/Zend/Controller/Dispatcher/Standard.php@248
2018-04-26T21:26:32+02:00 EMERG (0): Zend_Controller_Dispatcher_Exception: Invalid controller specified (Site) -> /var/www/html/OntoWiki/vendor/zendframework/zendframework1/library/Zend/Controller/Dispatcher/Standard.php@248
2018-04-26T22:04:51+02:00 EMERG (0): OntoWiki_Exception: param 'name' needs to be passed to this action -> /var/www/html/OntoWiki/extensions/exconf/ExconfController.php@165
2018-04-26T22:21:21+02:00 EMERG (0): Zend_Controller_Dispatcher_Exception: Invalid controller specified (OntoWiki) -> /var/www/html/OntoWiki/vendor/zendframework/zendframework1/library/Zend/Controller/Dispatcher/Standard.php@248
2018-04-26T22:34:06+02:00 EMERG (0): Zend_Controller_Dispatcher_Exception: Invalid controller specified (OntoWiki) -> /var/www/html/OntoWiki/vendor/zendframework/zendframework1/library/Zend/Controller/Dispatcher/Standard.php@248
2018-04-26T22:34:11+02:00 EMERG (0): Zend_Controller_Dispatcher_Exception: Invalid controller specified (OntoWiki) -> /var/www/html/OntoWiki/vendor/zendframework/zendframework1/library/Zend/Controller/Dispatcher/Standard.php@248
2018-04-29T17:42:15+02:00 EMERG (0): Zend_Controller_Action_Exception: Action "instance" does not exist and was not trapped in __call() -> /var/www/html/OntoWiki/vendor/zendframework/zendframework1/library/Zend/Controller/Action.php@485
2018-04-29T17:53:41+02:00 EMERG (0): Zend_Controller_Action_Exception: Action "index" does not exist and was not trapped in __call() -> /var/www/html/OntoWiki/vendor/zendframework/zendframework1/library/Zend/Controller/Action.php@485
2018-04-29T17:53:47+02:00 EMERG (0): Zend_Controller_Dispatcher_Exception: Invalid controller specified (resources) -> /var/www/html/OntoWiki/vendor/zendframework/zendframework1/library/Zend/Controller/Dispatcher/Standard.php@248
2018-04-29T17:53:51+02:00 EMERG (0): Zend_Controller_Action_Exception: Action "new" does not exist and was not trapped in __call() -> /var/www/html/OntoWiki/vendor/zendframework/zendframework1/library/Zend/Controller/Action.php@485
2018-04-30T18:14:02+02:00 EMERG (0): Zend_Controller_Dispatcher_Exception: Invalid controller specified (OntoWiki) -> /var/www/html/OntoWiki/vendor/zendframework/zendframework1/library/Zend/Controller/Dispatcher/Standard.php@248
2018-04-30T18:14:23+02:00 EMERG (0): Zend_Controller_Dispatcher_Exception: Invalid controller specified (extensions) -> /var/www/html/OntoWiki/vendor/zendframework/zendframework1/library/Zend/Controller/Dispatcher/Standard.php@248
2018-04-30T18:14:50+02:00 EMERG (0): Erfurt_Ac_Exception: No valid user was given. -> /var/www/html/OntoWiki/vendor/aksw/erfurt/library/Erfurt/Ac/Default.php@534
2018-04-30T18:15:01+02:00 EMERG (0): Zend_Controller_Dispatcher_Exception: Invalid controller specified (extensions) -> /var/www/html/OntoWiki/vendor/zendframework/zendframework1/library/Zend/Controller/Dispatcher/Standard.php@248
2018-04-30T18:15:18+02:00 EMERG (0): OntoWiki_Http_Exception: Unauthorized -> /var/www/html/OntoWiki/application/classes/OntoWiki/Controller/Plugin/SetupHelper.php@64
2018-04-30T18:30:55+02:00 EMERG (0): Zend_Controller_Dispatcher_Exception: Invalid controller specified (extensions) -> /var/www/html/OntoWiki/vendor/zendframework/zendframework1/library/Zend/Controller/Dispatcher/Standard.php@248
2018-04-30T18:53:57+02:00 EMERG (0): OntoWiki_Http_Exception: Unauthorized -> /var/www/html/OntoWiki/application/classes/OntoWiki/Controller/Plugin/SetupHelper.php@64
2018-05-06T15:05:05+02:00 EMERG (0): OntoWiki_Http_Exception: Unauthorized -> /var/www/html/OntoWiki/application/classes/OntoWiki/Controller/Plugin/SetupHelper.php@64
2018-05-06T15:06:08+02:00 EMERG (0): Zend_Controller_Dispatcher_Exception: Invalid controller specified (OntoWiki) -> /var/www/html/OntoWiki/vendor/zendframework/zendframework1/library/Zend/Controller/Dispatcher/Standard.php@248
2018-05-06T15:06:49+02:00 EMERG (0): Zend_Controller_Dispatcher_Exception: Invalid controller specified (OntoWiki) -> /var/www/html/OntoWiki/vendor/zendframework/zendframework1/library/Zend/Controller/Dispatcher/Standard.php@248
2018-05-06T15:07:25+02:00 EMERG (0): Zend_Controller_Dispatcher_Exception: Invalid controller specified (OntoWiki) -> /var/www/html/OntoWiki/vendor/zendframework/zendframework1/library/Zend/Controller/Dispatcher/Standard.php@248
2018-05-06T15:07:35+02:00 EMERG (0): Zend_Controller_Dispatcher_Exception: Invalid controller specified (OntoWiki) -> /var/www/html/OntoWiki/vendor/zendframework/zendframework1/library/Zend/Controller/Dispatcher/Standard.php@248
2018-05-06T15:07:46+02:00 EMERG (0): Zend_Controller_Dispatcher_Exception: Invalid controller specified (OntoWiki) -> /var/www/html/OntoWiki/vendor/zendframework/zendframework1/library/Zend/Controller/Dispatcher/Standard.php@248
2018-05-06T15:13:44+02:00 EMERG (0): Zend_Controller_Dispatcher_Exception: Invalid controller specified (extensions) -> /var/www/html/OntoWiki/vendor/zendframework/zendframework1/library/Zend/Controller/Dispatcher/Standard.php@248
2018-05-06T15:15:52+02:00 EMERG (0): Zend_Controller_Dispatcher_Exception: Invalid controller specified (extensions) -> /var/www/html/OntoWiki/vendor/zendframework/zendframework1/library/Zend/Controller/Dispatcher/Standard.php@248
2018-05-06T15:18:20+02:00 EMERG (0): Zend_Controller_Dispatcher_Exception: Invalid controller specified (OntoWiki) -> /var/www/html/OntoWiki/vendor/zendframework/zendframework1/library/Zend/Controller/Dispatcher/Standard.php@248
2018-05-06T15:19:28+02:00 EMERG (0): Zend_Controller_Dispatcher_Exception: Invalid controller specified (OntoWiki) -> /var/www/html/OntoWiki/vendor/zendframework/zendframework1/library/Zend/Controller/Dispatcher/Standard.php@248
2018-05-06T15:20:11+02:00 EMERG (0): Zend_Controller_Dispatcher_Exception: Invalid controller specified (OntoWiki) -> /var/www/html/OntoWiki/vendor/zendframework/zendframework1/library/Zend/Controller/Dispatcher/Standard.php@248
2018-05-06T16:15:24+02:00 EMERG (0): Zend_Controller_Dispatcher_Exception: Invalid controller specified (OntoWiki) -> /var/www/html/OntoWiki/vendor/zendframework/zendframework1/library/Zend/Controller/Dispatcher/Standard.php@248
2018-05-06T16:15:37+02:00 EMERG (0): Zend_Controller_Dispatcher_Exception: Invalid controller specified (OntoWiki) -> /var/www/html/OntoWiki/vendor/zendframework/zendframework1/library/Zend/Controller/Dispatcher/Standard.php@248
2018-05-06T16:15:39+02:00 EMERG (0): Zend_Controller_Dispatcher_Exception: Invalid controller specified (OntoWiki) -> /var/www/html/OntoWiki/vendor/zendframework/zendframework1/library/Zend/Controller/Dispatcher/Standard.php@248
2018-05-06T16:16:06+02:00 EMERG (0): Zend_Controller_Dispatcher_Exception: Invalid controller specified (OntoWiki) -> /var/www/html/OntoWiki/vendor/zendframework/zendframework1/library/Zend/Controller/Dispatcher/Standard.php@248
2018-05-06T16:17:43+02:00 EMERG (0): OntoWiki_Exception: config not allowed for this user -> /var/www/html/OntoWiki/extensions/exconf/ExconfController.php@162
2018-05-06T16:17:56+02:00 EMERG (0): Zend_Controller_Dispatcher_Exception: Invalid controller specified (OntoWiki) -> /var/www/html/OntoWiki/vendor/zendframework/zendframework1/library/Zend/Controller/Dispatcher/Standard.php@248
2018-05-06T16:19:12+02:00 EMERG (0): Zend_Controller_Dispatcher_Exception: Invalid controller specified (OntoWiki) -> /var/www/html/OntoWiki/vendor/zendframework/zendframework1/library/Zend/Controller/Dispatcher/Standard.php@248
2018-05-06T17:19:37+02:00 EMERG (0): Zend_Controller_Dispatcher_Exception: Invalid controller specified (OntoWiki) -> /var/www/html/OntoWiki/vendor/zendframework/zendframework1/library/Zend/Controller/Dispatcher/Standard.php@248
2018-05-06T17:21:29+02:00 EMERG (0): Zend_Controller_Dispatcher_Exception: Invalid controller specified (OntoWiki) -> /var/www/html/OntoWiki/vendor/zendframework/zendframework1/library/Zend/Controller/Dispatcher/Standard.php@248
2018-05-06T17:51:56+02:00 EMERG (0): Zend_Controller_Dispatcher_Exception: Invalid controller specified (OntoWiki) -> /var/www/html/OntoWiki/vendor/zendframework/zendframework1/library/Zend/Controller/Dispatcher/Standard.php@248
2018-05-06T17:51:57+02:00 EMERG (0): Zend_Controller_Dispatcher_Exception: Invalid controller specified (OntoWiki) -> /var/www/html/OntoWiki/vendor/zendframework/zendframework1/library/Zend/Controller/Dispatcher/Standard.php@248
2018-05-06T18:18:07+02:00 EMERG (0): Zend_Controller_Dispatcher_Exception: Invalid controller specified (extensions) -> /var/www/html/OntoWiki/vendor/zendframework/zendframework1/library/Zend/Controller/Dispatcher/Standard.php@248
2018-05-06T18:19:18+02:00 EMERG (0): Zend_Controller_Dispatcher_Exception: Invalid controller specified (extensions) -> /var/www/html/OntoWiki/vendor/zendframework/zendframework1/library/Zend/Controller/Dispatcher/Standard.php@248
2018-05-06T18:23:59+02:00 EMERG (0): Zend_Controller_Dispatcher_Exception: Invalid controller specified (extensions) -> /var/www/html/OntoWiki/vendor/zendframework/zendframework1/library/Zend/Controller/Dispatcher/Standard.php@248
2018-05-06T19:50:30+02:00 EMERG (0): Erfurt_Ac_Exception: No valid user was given. -> /var/www/html/OntoWiki/vendor/aksw/erfurt/library/Erfurt/Ac/Default.php@534
2018-05-06T19:50:37+02:00 EMERG (0): Erfurt_Ac_Exception: No valid user was given. -> /var/www/html/OntoWiki/vendor/aksw/erfurt/library/Erfurt/Ac/Default.php@534
2018-05-06T19:56:52+02:00 EMERG (0): Zend_Controller_Dispatcher_Exception: Invalid controller specified (extensions) -> /var/www/html/OntoWiki/vendor/zendframework/zendframework1/library/Zend/Controller/Dispatcher/Standard.php@248
2018-05-06T20:05:47+02:00 EMERG (0): Zend_Controller_Dispatcher_Exception: Invalid controller specified (extensions) -> /var/www/html/OntoWiki/vendor/zendframework/zendframework1/library/Zend/Controller/Dispatcher/Standard.php@248
2018-05-06T20:10:26+02:00 EMERG (0): Zend_Controller_Dispatcher_Exception: Invalid controller specified (extensions) -> /var/www/html/OntoWiki/vendor/zendframework/zendframework1/library/Zend/Controller/Dispatcher/Standard.php@248
2018-05-06T20:15:30+02:00 EMERG (0): Zend_Controller_Dispatcher_Exception: Invalid controller specified (extensions) -> /var/www/html/OntoWiki/vendor/zendframework/zendframework1/library/Zend/Controller/Dispatcher/Standard.php@248
2018-05-06T20:17:23+02:00 EMERG (0): Zend_Controller_Dispatcher_Exception: Invalid controller specified (extensions) -> /var/www/html/OntoWiki/vendor/zendframework/zendframework1/library/Zend/Controller/Dispatcher/Standard.php@248
2018-05-06T20:32:26+02:00 EMERG (0): Zend_Controller_Dispatcher_Exception: Invalid controller specified (extensions) -> /var/www/html/OntoWiki/vendor/zendframework/zendframework1/library/Zend/Controller/Dispatcher/Standard.php@248
2018-05-06T20:40:15+02:00 EMERG (0): Zend_Controller_Dispatcher_Exception: Invalid controller specified (extensions) -> /var/www/html/OntoWiki/vendor/zendframework/zendframework1/library/Zend/Controller/Dispatcher/Standard.php@248
2018-05-06T20:40:25+02:00 EMERG (0): Zend_Controller_Dispatcher_Exception: Invalid controller specified (extensions) -> /var/www/html/OntoWiki/vendor/zendframework/zendframework1/library/Zend/Controller/Dispatcher/Standard.php@248
2018-05-06T20:56:09+02:00 EMERG (0): Zend_Controller_Dispatcher_Exception: Invalid controller specified (extensions) -> /var/www/html/OntoWiki/vendor/zendframework/zendframework1/library/Zend/Controller/Dispatcher/Standard.php@248
2018-05-06T22:21:33+02:00 EMERG (0): Zend_Controller_Dispatcher_Exception: Invalid controller specified (test) -> /var/www/html/OntoWiki/vendor/zendframework/zendframework1/library/Zend/Controller/Dispatcher/Standard.php@248
2018-05-06T22:21:37+02:00 EMERG (0): Zend_Controller_Dispatcher_Exception: Invalid controller specified (test) -> /var/www/html/OntoWiki/vendor/zendframework/zendframework1/library/Zend/Controller/Dispatcher/Standard.php@248
2018-05-06T22:21:37+02:00 EMERG (0): Zend_Controller_Dispatcher_Exception: Invalid controller specified (test) -> /var/www/html/OntoWiki/vendor/zendframework/zendframework1/library/Zend/Controller/Dispatcher/Standard.php@248
2018-05-06T22:23:42+02:00 EMERG (0): Zend_Controller_Dispatcher_Exception: Invalid controller specified (test) -> /var/www/html/OntoWiki/vendor/zendframework/zendframework1/library/Zend/Controller/Dispatcher/Standard.php@248
2018-05-06T23:38:01+02:00 EMERG (0): Zend_Controller_Dispatcher_Exception: Invalid controller specified (test) -> /var/www/html/OntoWiki/vendor/zendframework/zendframework1/library/Zend/Controller/Dispatcher/Standard.php@248
2018-05-06T23:42:10+02:00 EMERG (0): Zend_Controller_Dispatcher_Exception: Invalid controller specified (test) -> /var/www/html/OntoWiki/vendor/zendframework/zendframework1/library/Zend/Controller/Dispatcher/Standard.php@248
2018-05-07T21:52:21+02:00 EMERG (0): Zend_Controller_Dispatcher_Exception: Invalid controller specified (test) -> /var/www/html/OntoWiki/vendor/zendframework/zendframework1/library/Zend/Controller/Dispatcher/Standard.php@248
2018-05-07T21:52:30+02:00 EMERG (0): Zend_Controller_Dispatcher_Exception: Invalid controller specified (test) -> /var/www/html/OntoWiki/vendor/zendframework/zendframework1/library/Zend/Controller/Dispatcher/Standard.php@248
2018-05-07T21:52:31+02:00 EMERG (0): Zend_Controller_Dispatcher_Exception: Invalid controller specified (test) -> /var/www/html/OntoWiki/vendor/zendframework/zendframework1/library/Zend/Controller/Dispatcher/Standard.php@248
2018-05-07T22:20:33+02:00 EMERG (0): OntoWiki_Http_Exception: Unauthorized -> /var/www/html/OntoWiki/application/classes/OntoWiki/Controller/Plugin/SetupHelper.php@64
2018-05-07T22:20:40+02:00 EMERG (0): OntoWiki_Http_Exception: Unauthorized -> /var/www/html/OntoWiki/application/classes/OntoWiki/Controller/Plugin/SetupHelper.php@64
2018-05-07T22:21:17+02:00 EMERG (0): Zend_Controller_Dispatcher_Exception: Invalid controller specified (extensions) -> /var/www/html/OntoWiki/vendor/zendframework/zendframework1/library/Zend/Controller/Dispatcher/Standard.php@248
2018-05-07T22:21:49+02:00 EMERG (0): Zend_Controller_Dispatcher_Exception: Invalid controller specified (test) -> /var/www/html/OntoWiki/vendor/zendframework/zendframework1/library/Zend/Controller/Dispatcher/Standard.php@248
2018-05-07T22:21:55+02:00 EMERG (0): Zend_Controller_Dispatcher_Exception: Invalid controller specified (test) -> /var/www/html/OntoWiki/vendor/zendframework/zendframework1/library/Zend/Controller/Dispatcher/Standard.php@248
2018-05-07T22:33:11+02:00 EMERG (0): Zend_Controller_Dispatcher_Exception: Invalid controller specified (test) -> /var/www/html/OntoWiki/vendor/zendframework/zendframework1/library/Zend/Controller/Dispatcher/Standard.php@248
2018-05-07T22:39:09+02:00 EMERG (0): Zend_Controller_Dispatcher_Exception: Invalid controller specified (test) -> /var/www/html/OntoWiki/vendor/zendframework/zendframework1/library/Zend/Controller/Dispatcher/Standard.php@248
2018-05-07T22:39:10+02:00 EMERG (0): Zend_Controller_Dispatcher_Exception: Invalid controller specified (test) -> /var/www/html/OntoWiki/vendor/zendframework/zendframework1/library/Zend/Controller/Dispatcher/Standard.php@248
2018-05-08T18:12:54+02:00 EMERG (0): Erfurt_Ac_Exception: No valid user was given. -> /var/www/html/OntoWiki/vendor/aksw/erfurt/library/Erfurt/Ac/Default.php@534
2018-05-08T18:13:36+02:00 EMERG (0): Zend_Controller_Dispatcher_Exception: Invalid controller specified (test) -> /var/www/html/OntoWiki/vendor/zendframework/zendframework1/library/Zend/Controller/Dispatcher/Standard.php@248
2018-05-08T18:13:49+02:00 EMERG (0): Zend_Controller_Dispatcher_Exception: Invalid controller specified (test) -> /var/www/html/OntoWiki/vendor/zendframework/zendframework1/library/Zend/Controller/Dispatcher/Standard.php@248
2018-05-08T18:13:55+02:00 EMERG (0): Zend_Controller_Dispatcher_Exception: Invalid controller specified (test) -> /var/www/html/OntoWiki/vendor/zendframework/zendframework1/library/Zend/Controller/Dispatcher/Standard.php@248
2018-05-08T18:13:59+02:00 EMERG (0): Zend_Controller_Dispatcher_Exception: Invalid controller specified (test) -> /var/www/html/OntoWiki/vendor/zendframework/zendframework1/library/Zend/Controller/Dispatcher/Standard.php@248
2018-05-08T18:13:59+02:00 EMERG (0): Zend_Controller_Dispatcher_Exception: Invalid controller specified (test) -> /var/www/html/OntoWiki/vendor/zendframework/zendframework1/library/Zend/Controller/Dispatcher/Standard.php@248
2018-05-08T18:14:51+02:00 EMERG (0): Erfurt_Ac_Exception: No valid user was given. -> /var/www/html/OntoWiki/vendor/aksw/erfurt/library/Erfurt/Ac/Default.php@534
2018-05-08T18:14:58+02:00 EMERG (0): Zend_Controller_Dispatcher_Exception: Invalid controller specified (test) -> /var/www/html/OntoWiki/vendor/zendframework/zendframework1/library/Zend/Controller/Dispatcher/Standard.php@248
2018-05-13T16:33:32+02:00 EMERG (0): Zend_Controller_Dispatcher_Exception: Invalid controller specified (test) -> /var/www/html/OntoWiki/vendor/zendframework/zendframework1/library/Zend/Controller/Dispatcher/Standard.php@248
2018-05-13T16:33:32+02:00 EMERG (0): Zend_Controller_Dispatcher_Exception: Invalid controller specified (test) -> /var/www/html/OntoWiki/vendor/zendframework/zendframework1/library/Zend/Controller/Dispatcher/Standard.php@248
2018-05-13T19:04:37+02:00 EMERG (0): Zend_Controller_Dispatcher_Exception: Invalid controller specified (test) -> /var/www/html/OntoWiki/vendor/zendframework/zendframework1/library/Zend/Controller/Dispatcher/Standard.php@248
2018-05-13T19:04:38+02:00 EMERG (0): Zend_Controller_Dispatcher_Exception: Invalid controller specified (test) -> /var/www/html/OntoWiki/vendor/zendframework/zendframework1/library/Zend/Controller/Dispatcher/Standard.php@248
2018-05-13T20:35:47+02:00 EMERG (0): Zend_Controller_Dispatcher_Exception: Invalid controller specified (test) -> /var/www/html/OntoWiki/vendor/zendframework/zendframework1/library/Zend/Controller/Dispatcher/Standard.php@248
2018-05-13T20:35:47+02:00 EMERG (0): Zend_Controller_Dispatcher_Exception: Invalid controller specified (test) -> /var/www/html/OntoWiki/vendor/zendframework/zendframework1/library/Zend/Controller/Dispatcher/Standard.php@248
2018-05-13T21:38:32+02:00 EMERG (0): Zend_Controller_Dispatcher_Exception: Invalid controller specified (test) -> /var/www/html/OntoWiki/vendor/zendframework/zendframework1/library/Zend/Controller/Dispatcher/Standard.php@248
2018-05-13T21:38:33+02:00 EMERG (0): Zend_Controller_Dispatcher_Exception: Invalid controller specified (test) -> /var/www/html/OntoWiki/vendor/zendframework/zendframework1/library/Zend/Controller/Dispatcher/Standard.php@248
2018-05-14T08:50:37+02:00 EMERG (0): Zend_Controller_Dispatcher_Exception: Invalid controller specified (test) -> /var/www/html/OntoWiki/vendor/zendframework/zendframework1/library/Zend/Controller/Dispatcher/Standard.php@248
2018-05-14T08:50:38+02:00 EMERG (0): Zend_Controller_Dispatcher_Exception: Invalid controller specified (test) -> /var/www/html/OntoWiki/vendor/zendframework/zendframework1/library/Zend/Controller/Dispatcher/Standard.php@248
2018-05-14T09:44:14+02:00 EMERG (0): Zend_Controller_Dispatcher_Exception: Invalid controller specified (test) -> /var/www/html/OntoWiki/vendor/zendframework/zendframework1/library/Zend/Controller/Dispatcher/Standard.php@248
2018-05-14T09:44:15+02:00 EMERG (0): Zend_Controller_Dispatcher_Exception: Invalid controller specified (test) -> /var/www/html/OntoWiki/vendor/zendframework/zendframework1/library/Zend/Controller/Dispatcher/Standard.php@248
2018-05-14T15:58:58+02:00 EMERG (0): Zend_Controller_Dispatcher_Exception: Invalid controller specified (test) -> /var/www/html/OntoWiki/vendor/zendframework/zendframework1/library/Zend/Controller/Dispatcher/Standard.php@248
2018-05-14T15:58:59+02:00 EMERG (0): Zend_Controller_Dispatcher_Exception: Invalid controller specified (test) -> /var/www/html/OntoWiki/vendor/zendframework/zendframework1/library/Zend/Controller/Dispatcher/Standard.php@248
2018-05-15T17:41:04+02:00 EMERG (0): Zend_Controller_Dispatcher_Exception: Invalid controller specified (test) -> /var/www/html/OntoWiki/vendor/zendframework/zendframework1/library/Zend/Controller/Dispatcher/Standard.php@248
2018-05-15T17:41:05+02:00 EMERG (0): Zend_Controller_Dispatcher_Exception: Invalid controller specified (test) -> /var/www/html/OntoWiki/vendor/zendframework/zendframework1/library/Zend/Controller/Dispatcher/Standard.php@248
2018-05-15T18:13:29+02:00 EMERG (0): Zend_Controller_Dispatcher_Exception: Invalid controller specified (test) -> /var/www/html/OntoWiki/vendor/zendframework/zendframework1/library/Zend/Controller/Dispatcher/Standard.php@248
2018-05-15T18:13:43+02:00 EMERG (0): Zend_Controller_Dispatcher_Exception: Invalid controller specified (test) -> /var/www/html/OntoWiki/vendor/zendframework/zendframework1/library/Zend/Controller/Dispatcher/Standard.php@248
2018-05-16T09:34:39+02:00 EMERG (0): Zend_Controller_Dispatcher_Exception: Invalid controller specified (test) -> /var/www/html/OntoWiki/vendor/zendframework/zendframework1/library/Zend/Controller/Dispatcher/Standard.php@248
2018-05-16T09:34:41+02:00 EMERG (0): Zend_Controller_Dispatcher_Exception: Invalid controller specified (test) -> /var/www/html/OntoWiki/vendor/zendframework/zendframework1/library/Zend/Controller/Dispatcher/Standard.php@248
2018-05-21T20:16:32+02:00 EMERG (0): Zend_Controller_Dispatcher_Exception: Invalid controller specified (test) -> /var/www/html/OntoWiki/vendor/zendframework/zendframework1/library/Zend/Controller/Dispatcher/Standard.php@248
2018-05-21T20:16:33+02:00 EMERG (0): Zend_Controller_Dispatcher_Exception: Invalid controller specified (test) -> /var/www/html/OntoWiki/vendor/zendframework/zendframework1/library/Zend/Controller/Dispatcher/Standard.php@248
2018-05-21T22:02:35+02:00 EMERG (0): Zend_Controller_Dispatcher_Exception: Invalid controller specified (test) -> /var/www/html/OntoWiki/vendor/zendframework/zendframework1/library/Zend/Controller/Dispatcher/Standard.php@248
2018-05-21T22:02:35+02:00 EMERG (0): Zend_Controller_Dispatcher_Exception: Invalid controller specified (test) -> /var/www/html/OntoWiki/vendor/zendframework/zendframework1/library/Zend/Controller/Dispatcher/Standard.php@248
2018-05-21T23:20:09+02:00 EMERG (0): Zend_Controller_Dispatcher_Exception: Invalid controller specified (test) -> /var/www/html/OntoWiki/vendor/zendframework/zendframework1/library/Zend/Controller/Dispatcher/Standard.php@248
2018-05-21T23:20:10+02:00 EMERG (0): Zend_Controller_Dispatcher_Exception: Invalid controller specified (test) -> /var/www/html/OntoWiki/vendor/zendframework/zendframework1/library/Zend/Controller/Dispatcher/Standard.php@248
2018-05-22T08:41:08+02:00 EMERG (0): Zend_Controller_Dispatcher_Exception: Invalid controller specified (test) -> /var/www/html/OntoWiki/vendor/zendframework/zendframework1/library/Zend/Controller/Dispatcher/Standard.php@248
2018-05-22T08:41:10+02:00 EMERG (0): Zend_Controller_Dispatcher_Exception: Invalid controller specified (test) -> /var/www/html/OntoWiki/vendor/zendframework/zendframework1/library/Zend/Controller/Dispatcher/Standard.php@248
2018-05-22T09:44:10+02:00 EMERG (0): Zend_Controller_Dispatcher_Exception: Invalid controller specified (test) -> /var/www/html/OntoWiki/vendor/zendframework/zendframework1/library/Zend/Controller/Dispatcher/Standard.php@248
2018-05-22T09:44:11+02:00 EMERG (0): Zend_Controller_Dispatcher_Exception: Invalid controller specified (test) -> /var/www/html/OntoWiki/vendor/zendframework/zendframework1/library/Zend/Controller/Dispatcher/Standard.php@248
2018-05-22T11:15:58+02:00 EMERG (0): Zend_Controller_Dispatcher_Exception: Invalid controller specified (test) -> /var/www/html/OntoWiki/vendor/zendframework/zendframework1/library/Zend/Controller/Dispatcher/Standard.php@248
2018-05-22T11:15:59+02:00 EMERG (0): Zend_Controller_Dispatcher_Exception: Invalid controller specified (test) -> /var/www/html/OntoWiki/vendor/zendframework/zendframework1/library/Zend/Controller/Dispatcher/Standard.php@248
2018-05-22T12:54:31+02:00 EMERG (0): Zend_Controller_Dispatcher_Exception: Invalid controller specified (test) -> /var/www/html/OntoWiki/vendor/zendframework/zendframework1/library/Zend/Controller/Dispatcher/Standard.php@248
2018-05-22T12:54:32+02:00 EMERG (0): Zend_Controller_Dispatcher_Exception: Invalid controller specified (test) -> /var/www/html/OntoWiki/vendor/zendframework/zendframework1/library/Zend/Controller/Dispatcher/Standard.php@248
2018-05-22T14:37:48+02:00 EMERG (0): Zend_Controller_Dispatcher_Exception: Invalid controller specified (test) -> /var/www/html/OntoWiki/vendor/zendframework/zendframework1/library/Zend/Controller/Dispatcher/Standard.php@248
2018-05-22T14:37:49+02:00 EMERG (0): Zend_Controller_Dispatcher_Exception: Invalid controller specified (test) -> /var/www/html/OntoWiki/vendor/zendframework/zendframework1/library/Zend/Controller/Dispatcher/Standard.php@248
2018-05-22T15:41:22+02:00 EMERG (0): Zend_Controller_Dispatcher_Exception: Invalid controller specified (test) -> /var/www/html/OntoWiki/vendor/zendframework/zendframework1/library/Zend/Controller/Dispatcher/Standard.php@248
2018-05-22T15:41:24+02:00 EMERG (0): Zend_Controller_Dispatcher_Exception: Invalid controller specified (test) -> /var/www/html/OntoWiki/vendor/zendframework/zendframework1/library/Zend/Controller/Dispatcher/Standard.php@248
2018-05-22T16:49:52+02:00 EMERG (0): Zend_Controller_Dispatcher_Exception: Invalid controller specified (test) -> /var/www/html/OntoWiki/vendor/zendframework/zendframework1/library/Zend/Controller/Dispatcher/Standard.php@248
2018-05-22T16:49:54+02:00 EMERG (0): Zend_Controller_Dispatcher_Exception: Invalid controller specified (test) -> /var/www/html/OntoWiki/vendor/zendframework/zendframework1/library/Zend/Controller/Dispatcher/Standard.php@248
2018-05-23T13:09:01+02:00 EMERG (0): Zend_Controller_Dispatcher_Exception: Invalid controller specified (test) -> /var/www/html/OntoWiki/vendor/zendframework/zendframework1/library/Zend/Controller/Dispatcher/Standard.php@248
2018-05-23T13:09:04+02:00 EMERG (0): Zend_Controller_Dispatcher_Exception: Invalid controller specified (test) -> /var/www/html/OntoWiki/vendor/zendframework/zendframework1/library/Zend/Controller/Dispatcher/Standard.php@248
2018-05-23T14:47:34+02:00 EMERG (0): Zend_Controller_Dispatcher_Exception: Invalid controller specified (test) -> /var/www/html/OntoWiki/vendor/zendframework/zendframework1/library/Zend/Controller/Dispatcher/Standard.php@248
2018-05-23T14:47:35+02:00 EMERG (0): Zend_Controller_Dispatcher_Exception: Invalid controller specified (test) -> /var/www/html/OntoWiki/vendor/zendframework/zendframework1/library/Zend/Controller/Dispatcher/Standard.php@248
2018-05-23T16:39:43+02:00 EMERG (0): Zend_Controller_Dispatcher_Exception: Invalid controller specified (test) -> /var/www/html/OntoWiki/vendor/zendframework/zendframework1/library/Zend/Controller/Dispatcher/Standard.php@248
2018-05-23T16:39:45+02:00 EMERG (0): Zend_Controller_Dispatcher_Exception: Invalid controller specified (test) -> /var/www/html/OntoWiki/vendor/zendframework/zendframework1/library/Zend/Controller/Dispatcher/Standard.php@248
2018-05-24T10:20:39+02:00 EMERG (0): Zend_Controller_Dispatcher_Exception: Invalid controller specified (test) -> /var/www/html/OntoWiki/vendor/zendframework/zendframework1/library/Zend/Controller/Dispatcher/Standard.php@248
2018-05-24T10:32:33+02:00 EMERG (0): Zend_Controller_Dispatcher_Exception: Invalid controller specified (test) -> /var/www/html/OntoWiki/vendor/zendframework/zendframework1/library/Zend/Controller/Dispatcher/Standard.php@248
2018-05-24T10:32:34+02:00 EMERG (0): Zend_Controller_Dispatcher_Exception: Invalid controller specified (test) -> /var/www/html/OntoWiki/vendor/zendframework/zendframework1/library/Zend/Controller/Dispatcher/Standard.php@248
2018-05-24T11:57:07+02:00 EMERG (0): Zend_Controller_Dispatcher_Exception: Invalid controller specified (test) -> /var/www/html/OntoWiki/vendor/zendframework/zendframework1/library/Zend/Controller/Dispatcher/Standard.php@248
2018-05-24T11:57:08+02:00 EMERG (0): Zend_Controller_Dispatcher_Exception: Invalid controller specified (test) -> /var/www/html/OntoWiki/vendor/zendframework/zendframework1/library/Zend/Controller/Dispatcher/Standard.php@248
2018-05-26T23:35:08+02:00 EMERG (0): Zend_Controller_Dispatcher_Exception: Invalid controller specified (test) -> /var/www/html/OntoWiki/vendor/zendframework/zendframework1/library/Zend/Controller/Dispatcher/Standard.php@248
2018-05-26T23:35:09+02:00 EMERG (0): Zend_Controller_Dispatcher_Exception: Invalid controller specified (test) -> /var/www/html/OntoWiki/vendor/zendframework/zendframework1/library/Zend/Controller/Dispatcher/Standard.php@248
2018-05-28T09:41:31+02:00 EMERG (0): Zend_Controller_Dispatcher_Exception: Invalid controller specified (test) -> /var/www/html/OntoWiki/vendor/zendframework/zendframework1/library/Zend/Controller/Dispatcher/Standard.php@248
2018-05-28T09:41:32+02:00 EMERG (0): Zend_Controller_Dispatcher_Exception: Invalid controller specified (test) -> /var/www/html/OntoWiki/vendor/zendframework/zendframework1/library/Zend/Controller/Dispatcher/Standard.php@248
2018-05-28T09:47:42+02:00 EMERG (0): Zend_Controller_Dispatcher_Exception: Invalid controller specified (extensions) -> /var/www/html/OntoWiki/vendor/zendframework/zendframework1/library/Zend/Controller/Dispatcher/Standard.php@248
2018-05-28T10:02:07+02:00 EMERG (0): Zend_Controller_Dispatcher_Exception: Invalid controller specified (test) -> /var/www/html/OntoWiki/vendor/zendframework/zendframework1/library/Zend/Controller/Dispatcher/Standard.php@248
2018-05-28T10:07:36+02:00 EMERG (0): Erfurt_Store_Exception: Model "http://fbwbmakewiki2.th-brandenburg.de/OntoWiki/index.php/test2/" is not available. -> /var/www/html/OntoWiki/vendor/aksw/erfurt/library/Erfurt/Store.php@1060
2018-05-28T10:07:43+02:00 EMERG (0): Erfurt_Store_Exception: Model "http://fbwbmakewiki2.th-brandenburg.de/OntoWiki/index.php/test2/" is not available. -> /var/www/html/OntoWiki/vendor/aksw/erfurt/library/Erfurt/Store.php@1060
2018-05-28T10:07:48+02:00 EMERG (0): Zend_Controller_Dispatcher_Exception: Invalid controller specified (test2) -> /var/www/html/OntoWiki/vendor/zendframework/zendframework1/library/Zend/Controller/Dispatcher/Standard.php@248
2018-05-28T10:07:49+02:00 EMERG (0): Erfurt_Store_Exception: Model "http://fbwbmakewiki2.th-brandenburg.de/OntoWiki/index.php/test2/" is not available. -> /var/www/html/OntoWiki/vendor/aksw/erfurt/library/Erfurt/Store.php@1060
2018-05-28T10:07:50+02:00 EMERG (0): Zend_Controller_Dispatcher_Exception: Invalid controller specified (test2) -> /var/www/html/OntoWiki/vendor/zendframework/zendframework1/library/Zend/Controller/Dispatcher/Standard.php@248
2018-05-28T10:07:51+02:00 EMERG (0): Zend_Controller_Dispatcher_Exception: Invalid controller specified (test2) -> /var/www/html/OntoWiki/vendor/zendframework/zendframework1/library/Zend/Controller/Dispatcher/Standard.php@248
2018-05-28T10:08:13+02:00 EMERG (0): Zend_Controller_Dispatcher_Exception: Invalid controller specified (test2) -> /var/www/html/OntoWiki/vendor/zendframework/zendframework1/library/Zend/Controller/Dispatcher/Standard.php@248
2018-05-28T10:08:15+02:00 EMERG (0): Zend_Controller_Dispatcher_Exception: Invalid controller specified (test2) -> /var/www/html/OntoWiki/vendor/zendframework/zendframework1/library/Zend/Controller/Dispatcher/Standard.php@248
2018-05-28T10:09:07+02:00 EMERG (0): Zend_Controller_Dispatcher_Exception: Invalid controller specified (test) -> /var/www/html/OntoWiki/vendor/zendframework/zendframework1/library/Zend/Controller/Dispatcher/Standard.php@248
2018-05-28T10:09:08+02:00 EMERG (0): Zend_Controller_Dispatcher_Exception: Invalid controller specified (test) -> /var/www/html/OntoWiki/vendor/zendframework/zendframework1/library/Zend/Controller/Dispatcher/Standard.php@248
2018-05-28T10:21:37+02:00 EMERG (0): Zend_Controller_Dispatcher_Exception: Invalid controller specified (test) -> /var/www/html/OntoWiki/vendor/zendframework/zendframework1/library/Zend/Controller/Dispatcher/Standard.php@248
2018-05-28T10:21:38+02:00 EMERG (0): Zend_Controller_Dispatcher_Exception: Invalid controller specified (test) -> /var/www/html/OntoWiki/vendor/zendframework/zendframework1/library/Zend/Controller/Dispatcher/Standard.php@248
2018-05-28T10:26:02+02:00 EMERG (0): Zend_Controller_Dispatcher_Exception: Invalid controller specified (extensions) -> /var/www/html/OntoWiki/vendor/zendframework/zendframework1/library/Zend/Controller/Dispatcher/Standard.php@248
2018-05-28T10:28:06+02:00 EMERG (0): Zend_Controller_Dispatcher_Exception: Invalid controller specified (test2) -> /var/www/html/OntoWiki/vendor/zendframework/zendframework1/library/Zend/Controller/Dispatcher/Standard.php@248
2018-05-28T10:28:13+02:00 EMERG (0): Zend_Controller_Dispatcher_Exception: Invalid controller specified (test2) -> /var/www/html/OntoWiki/vendor/zendframework/zendframework1/library/Zend/Controller/Dispatcher/Standard.php@248
2018-05-28T10:28:13+02:00 EMERG (0): Zend_Controller_Dispatcher_Exception: Invalid controller specified (test2) -> /var/www/html/OntoWiki/vendor/zendframework/zendframework1/library/Zend/Controller/Dispatcher/Standard.php@248
2018-05-28T10:30:42+02:00 EMERG (0): Zend_Controller_Dispatcher_Exception: Invalid controller specified (extensions) -> /var/www/html/OntoWiki/vendor/zendframework/zendframework1/library/Zend/Controller/Dispatcher/Standard.php@248
2018-05-28T10:33:00+02:00 EMERG (0): Zend_Controller_Dispatcher_Exception: Invalid controller specified (extensions) -> /var/www/html/OntoWiki/vendor/zendframework/zendframework1/library/Zend/Controller/Dispatcher/Standard.php@248
2018-05-28T10:34:49+02:00 EMERG (0): Zend_Controller_Dispatcher_Exception: Invalid controller specified (videop) -> /var/www/html/OntoWiki/vendor/zendframework/zendframework1/library/Zend/Controller/Dispatcher/Standard.php@248
2018-05-28T10:35:02+02:00 EMERG (0): Zend_Controller_Action_Exception: Action "new" does not exist and was not trapped in __call() -> /var/www/html/OntoWiki/vendor/zendframework/zendframework1/library/Zend/Controller/Action.php@485
2018-05-28T10:35:04+02:00 EMERG (0): Zend_Controller_Dispatcher_Exception: Invalid controller specified (test) -> /var/www/html/OntoWiki/vendor/zendframework/zendframework1/library/Zend/Controller/Dispatcher/Standard.php@248
2018-05-29T14:05:17+02:00 EMERG (0): Zend_Controller_Dispatcher_Exception: Invalid controller specified (test) -> /var/www/html/OntoWiki/vendor/zendframework/zendframework1/library/Zend/Controller/Dispatcher/Standard.php@248
2018-05-29T14:05:26+02:00 EMERG (0): OntoWiki_Http_Exception: Unauthorized -> /var/www/html/OntoWiki/application/classes/OntoWiki/Controller/Plugin/SetupHelper.php@64
2018-05-29T14:05:29+02:00 EMERG (0): Zend_Controller_Dispatcher_Exception: Invalid controller specified (test) -> /var/www/html/OntoWiki/vendor/zendframework/zendframework1/library/Zend/Controller/Dispatcher/Standard.php@248
2018-05-29T14:08:42+02:00 EMERG (0): Zend_Controller_Dispatcher_Exception: Invalid controller specified (test) -> /var/www/html/OntoWiki/vendor/zendframework/zendframework1/library/Zend/Controller/Dispatcher/Standard.php@248
2018-05-29T14:08:57+02:00 EMERG (0): Zend_Controller_Dispatcher_Exception: Invalid controller specified (test) -> /var/www/html/OntoWiki/vendor/zendframework/zendframework1/library/Zend/Controller/Dispatcher/Standard.php@248
2018-05-29T14:20:58+02:00 EMERG (0): Zend_Controller_Dispatcher_Exception: Invalid controller specified (test) -> /var/www/html/OntoWiki/vendor/zendframework/zendframework1/library/Zend/Controller/Dispatcher/Standard.php@248
2018-05-29T14:21:24+02:00 EMERG (0): Zend_Controller_Dispatcher_Exception: Invalid controller specified (test) -> /var/www/html/OntoWiki/vendor/zendframework/zendframework1/library/Zend/Controller/Dispatcher/Standard.php@248
2018-05-29T14:21:41+02:00 EMERG (0): Zend_Controller_Dispatcher_Exception: Invalid controller specified (test) -> /var/www/html/OntoWiki/vendor/zendframework/zendframework1/library/Zend/Controller/Dispatcher/Standard.php@248
2018-05-29T14:21:49+02:00 EMERG (0): Zend_Controller_Dispatcher_Exception: Invalid controller specified (test) -> /var/www/html/OntoWiki/vendor/zendframework/zendframework1/library/Zend/Controller/Dispatcher/Standard.php@248
2018-05-29T14:23:27+02:00 EMERG (0): Zend_Controller_Dispatcher_Exception: Invalid controller specified (test) -> /var/www/html/OntoWiki/vendor/zendframework/zendframework1/library/Zend/Controller/Dispatcher/Standard.php@248
2018-05-29T14:24:36+02:00 EMERG (0): Zend_Controller_Dispatcher_Exception: Invalid controller specified (test) -> /var/www/html/OntoWiki/vendor/zendframework/zendframework1/library/Zend/Controller/Dispatcher/Standard.php@248
2018-05-29T14:25:07+02:00 EMERG (0): Zend_Controller_Dispatcher_Exception: Invalid controller specified (test) -> /var/www/html/OntoWiki/vendor/zendframework/zendframework1/library/Zend/Controller/Dispatcher/Standard.php@248
2018-05-29T14:25:16+02:00 EMERG (0): Zend_Controller_Dispatcher_Exception: Invalid controller specified (test) -> /var/www/html/OntoWiki/vendor/zendframework/zendframework1/library/Zend/Controller/Dispatcher/Standard.php@248
2018-05-29T14:25:31+02:00 EMERG (0): Zend_Controller_Action_Exception: Action "index" does not exist and was not trapped in __call() -> /var/www/html/OntoWiki/vendor/zendframework/zendframework1/library/Zend/Controller/Action.php@485
2018-05-29T14:25:35+02:00 EMERG (0): Zend_Controller_Dispatcher_Exception: Invalid controller specified (test) -> /var/www/html/OntoWiki/vendor/zendframework/zendframework1/library/Zend/Controller/Dispatcher/Standard.php@248
2018-05-29T14:25:39+02:00 EMERG (0): Zend_Controller_Dispatcher_Exception: Invalid controller specified (test) -> /var/www/html/OntoWiki/vendor/zendframework/zendframework1/library/Zend/Controller/Dispatcher/Standard.php@248
2018-05-29T14:26:32+02:00 EMERG (0): Zend_Controller_Dispatcher_Exception: Invalid controller specified (test) -> /var/www/html/OntoWiki/vendor/zendframework/zendframework1/library/Zend/Controller/Dispatcher/Standard.php@248
2018-05-29T14:26:41+02:00 EMERG (0): Zend_Controller_Dispatcher_Exception: Invalid controller specified (test) -> /var/www/html/OntoWiki/vendor/zendframework/zendframework1/library/Zend/Controller/Dispatcher/Standard.php@248
2018-05-29T14:26:51+02:00 EMERG (0): Zend_Controller_Dispatcher_Exception: Invalid controller specified (test) -> /var/www/html/OntoWiki/vendor/zendframework/zendframework1/library/Zend/Controller/Dispatcher/Standard.php@248
2018-05-29T14:26:52+02:00 EMERG (0): Zend_Controller_Dispatcher_Exception: Invalid controller specified (test) -> /var/www/html/OntoWiki/vendor/zendframework/zendframework1/library/Zend/Controller/Dispatcher/Standard.php@248
2018-05-29T14:27:00+02:00 EMERG (0): Zend_Controller_Dispatcher_Exception: Invalid controller specified (test) -> /var/www/html/OntoWiki/vendor/zendframework/zendframework1/library/Zend/Controller/Dispatcher/Standard.php@248
2018-05-29T14:27:04+02:00 EMERG (0): Zend_Controller_Dispatcher_Exception: Invalid controller specified (test) -> /var/www/html/OntoWiki/vendor/zendframework/zendframework1/library/Zend/Controller/Dispatcher/Standard.php@248
2018-05-29T14:27:20+02:00 EMERG (0): Zend_Controller_Dispatcher_Exception: Invalid controller specified (test) -> /var/www/html/OntoWiki/vendor/zendframework/zendframework1/library/Zend/Controller/Dispatcher/Standard.php@248
2018-05-29T14:41:19+02:00 EMERG (0): Zend_Controller_Dispatcher_Exception: Invalid controller specified (test) -> /var/www/html/OntoWiki/vendor/zendframework/zendframework1/library/Zend/Controller/Dispatcher/Standard.php@248
2018-05-29T15:00:22+02:00 EMERG (0): Zend_Controller_Dispatcher_Exception: Invalid controller specified (test) -> /var/www/html/OntoWiki/vendor/zendframework/zendframework1/library/Zend/Controller/Dispatcher/Standard.php@248
2018-05-29T15:00:24+02:00 EMERG (0): Zend_Controller_Dispatcher_Exception: Invalid controller specified (test) -> /var/www/html/OntoWiki/vendor/zendframework/zendframework1/library/Zend/Controller/Dispatcher/Standard.php@248
2018-05-29T15:06:52+02:00 EMERG (0): Zend_Controller_Dispatcher_Exception: Invalid controller specified (test) -> /var/www/html/OntoWiki/vendor/zendframework/zendframework1/library/Zend/Controller/Dispatcher/Standard.php@248
2018-05-29T15:06:56+02:00 EMERG (0): Zend_Controller_Dispatcher_Exception: Invalid controller specified (test) -> /var/www/html/OntoWiki/vendor/zendframework/zendframework1/library/Zend/Controller/Dispatcher/Standard.php@248
2018-05-29T15:07:03+02:00 EMERG (0): Zend_Controller_Dispatcher_Exception: Invalid controller specified (test) -> /var/www/html/OntoWiki/vendor/zendframework/zendframework1/library/Zend/Controller/Dispatcher/Standard.php@248
2018-05-29T15:07:10+02:00 EMERG (0): Zend_Controller_Dispatcher_Exception: Invalid controller specified (test) -> /var/www/html/OntoWiki/vendor/zendframework/zendframework1/library/Zend/Controller/Dispatcher/Standard.php@248
2018-05-29T15:14:04+02:00 EMERG (0): Zend_Controller_Dispatcher_Exception: Invalid controller specified (test) -> /var/www/html/OntoWiki/vendor/zendframework/zendframework1/library/Zend/Controller/Dispatcher/Standard.php@248
2018-05-29T15:17:14+02:00 EMERG (0): Zend_Controller_Dispatcher_Exception: Invalid controller specified (test) -> /var/www/html/OntoWiki/vendor/zendframework/zendframework1/library/Zend/Controller/Dispatcher/Standard.php@248
2018-05-29T15:18:07+02:00 EMERG (0): Erfurt_Store_Adapter_Exception: SPARQL Error: [OpenLink][Virtuoso iODBC Driver][Virtuoso Server]SQ074: Line 2: SP030: SPARQL compiler, line 1: syntax error at '<' before 'http:' ()

 In query: INSERT INTO GRAPH &lt;http://fbwbmakewiki2.th-brandenburg.de/OntoWiki/index.php/test/&gt; {&lt;http://fbwbmakewiki2.th-brandenburg.de/OntoWiki/index.php/test/Navigation/Main&gt; &lt;http://www.w3.org/1999/02/22-rdf-syntax-ns#_4&gt; &lt;http://fbwbmakewiki2.th-brandenburg.de/OntoWiki/index.php/test/Video Example&gt; .
} -> /var/www/html/OntoWiki/vendor/aksw/erfurt/library/Erfurt/Store/Adapter/Virtuoso.php@1086
2018-05-29T15:18:13+02:00 EMERG (0): Erfurt_Store_Adapter_Exception: SPARQL Error: [OpenLink][Virtuoso iODBC Driver][Virtuoso Server]SQ074: Line 2: SP030: SPARQL compiler, line 1: syntax error at '<' before 'http:' ()

 In query: INSERT INTO GRAPH &lt;http://fbwbmakewiki2.th-brandenburg.de/OntoWiki/index.php/test/&gt; {&lt;http://fbwbmakewiki2.th-brandenburg.de/OntoWiki/index.php/test/Navigation/Main&gt; &lt;http://www.w3.org/1999/02/22-rdf-syntax-ns#_4&gt; &lt;http://fbwbmakewiki2.th-brandenburg.de/OntoWiki/index.php/test/Video Example&gt; .
} -> /var/www/html/OntoWiki/vendor/aksw/erfurt/library/Erfurt/Store/Adapter/Virtuoso.php@1086
2018-05-29T15:19:09+02:00 EMERG (0): Erfurt_Store_Adapter_Exception: SPARQL Error: [OpenLink][Virtuoso iODBC Driver][Virtuoso Server]SQ074: Line 2: SP030: SPARQL compiler, line 1: syntax error at '<' before 'http:' ()

 In query: INSERT INTO GRAPH &lt;http://fbwbmakewiki2.th-brandenburg.de/OntoWiki/index.php/test/&gt; {&lt;http://fbwbmakewiki2.th-brandenburg.de/OntoWiki/index.php/test/Navigation/Main&gt; &lt;http://www.w3.org/1999/02/22-rdf-syntax-ns#_4&gt; &lt;http://fbwbmakewiki2.th-brandenburg.de/OntoWiki/index.php/test/Video Example&gt; .
} -> /var/www/html/OntoWiki/vendor/aksw/erfurt/library/Erfurt/Store/Adapter/Virtuoso.php@1086
2018-05-29T15:22:19+02:00 EMERG (0): Erfurt_Store_Adapter_Exception: SPARQL Error: [OpenLink][Virtuoso iODBC Driver][Virtuoso Server]SQ074: Line 2: SP030: SPARQL compiler, line 1: syntax error at '<' before 'http:' ()

 In query: INSERT INTO GRAPH &lt;http://fbwbmakewiki2.th-brandenburg.de/OntoWiki/index.php/test/&gt; {&lt;http://fbwbmakewiki2.th-brandenburg.de/OntoWiki/index.php/test/Navigation/Main&gt; &lt;http://www.w3.org/1999/02/22-rdf-syntax-ns#_4&gt; &lt;http://fbwbmakewiki2.th-brandenburg.de/OntoWiki/index.php/test/Video Example&gt; .
} -> /var/www/html/OntoWiki/vendor/aksw/erfurt/library/Erfurt/Store/Adapter/Virtuoso.php@1086
2018-05-29T15:22:21+02:00 EMERG (0): Zend_Controller_Dispatcher_Exception: Invalid controller specified (test) -> /var/www/html/OntoWiki/vendor/zendframework/zendframework1/library/Zend/Controller/Dispatcher/Standard.php@248
2018-05-29T15:22:31+02:00 EMERG (0): Zend_Controller_Dispatcher_Exception: Invalid controller specified (test) -> /var/www/html/OntoWiki/vendor/zendframework/zendframework1/library/Zend/Controller/Dispatcher/Standard.php@248
2018-05-29T15:22:34+02:00 EMERG (0): Zend_Controller_Dispatcher_Exception: Invalid controller specified (test) -> /var/www/html/OntoWiki/vendor/zendframework/zendframework1/library/Zend/Controller/Dispatcher/Standard.php@248
2018-05-29T15:22:38+02:00 EMERG (0): Zend_Controller_Dispatcher_Exception: Invalid controller specified (test) -> /var/www/html/OntoWiki/vendor/zendframework/zendframework1/library/Zend/Controller/Dispatcher/Standard.php@248
2018-05-29T15:22:41+02:00 EMERG (0): Zend_Controller_Dispatcher_Exception: Invalid controller specified (test) -> /var/www/html/OntoWiki/vendor/zendframework/zendframework1/library/Zend/Controller/Dispatcher/Standard.php@248
2018-05-29T15:22:54+02:00 EMERG (0): Zend_Controller_Dispatcher_Exception: Invalid controller specified (test) -> /var/www/html/OntoWiki/vendor/zendframework/zendframework1/library/Zend/Controller/Dispatcher/Standard.php@248
2018-05-29T15:25:07+02:00 EMERG (0): Erfurt_Store_Adapter_Exception: SPARQL Error: [OpenLink][Virtuoso iODBC Driver][Virtuoso Server]SQ074: Line 2: SP030: SPARQL compiler, line 1: syntax error at '<' before 'http:' ()

 In query: INSERT INTO GRAPH &lt;http://fbwbmakewiki2.th-brandenburg.de/OntoWiki/index.php/test/&gt; {&lt;http://fbwbmakewiki2.th-brandenburg.de/OntoWiki/index.php/test/Navigation/Main&gt; &lt;http://www.w3.org/1999/02/22-rdf-syntax-ns#_4&gt; &lt;http://fbwbmakewiki2.th-brandenburg.de/OntoWiki/index.php/test/Video Example&gt; .
} -> /var/www/html/OntoWiki/vendor/aksw/erfurt/library/Erfurt/Store/Adapter/Virtuoso.php@1086
2018-05-29T15:30:41+02:00 EMERG (0): Zend_Controller_Dispatcher_Exception: Invalid controller specified (test) -> /var/www/html/OntoWiki/vendor/zendframework/zendframework1/library/Zend/Controller/Dispatcher/Standard.php@248
2018-05-29T15:31:23+02:00 EMERG (0): Erfurt_Store_Adapter_Exception: SPARQL Error: [OpenLink][Virtuoso iODBC Driver][Virtuoso Server]SQ074: Line 6: SP030: SPARQL compiler, line 1: syntax error at '<' before 'http:' ()

 In query: INSERT INTO GRAPH &lt;http://fbwbmakewiki2.th-brandenburg.de/OntoWiki/index.php/test/&gt; {&lt;http://fbwbmakewiki2.th-brandenburg.de/OntoWiki/index.php/test/Video Example&gt; &lt;http://www.w3.org/1999/02/22-rdf-syntax-ns#type&gt; &lt;http://xmlns.com/foaf/0.1/Document&gt; .
&lt;http://fbwbmakewiki2.th-brandenburg.de/OntoWiki/index.php/test/Video Example&gt; &lt;http://www.w3.org/2000/01/rdf-schema#label&gt; &quot;Video Beispiel&quot;@de .
&lt;http://fbwbmakewiki2.th-brandenburg.de/OntoWiki/index.php/test/Video Example&gt; &lt;http://www.w3.org/2000/01/rdf-schema#label&gt; &quot;Video Example&quot;@en .
&lt;http://fbwbmakewiki2.th-brandenburg.de/OntoWiki/index.php/test/Video Example&gt; &lt;http://ns.ontowiki.net/SysOnt/Site/content&gt; &quot;Egal&quot;^^&lt;http://ns.ontowiki.net/SysOnt/Markdown&gt; .
&lt;http://fbwbmakewiki2.th-brandenburg.de/OntoWiki/index.php/test/Video Example&gt; &lt;http://ns.ontowiki.net/SysOnt/Site/template&gt; &quot;example_video&quot; .
} -> /var/www/html/OntoWiki/vendor/aksw/erfurt/library/Erfurt/Store/Adapter/Virtuoso.php@1086
2018-05-29T15:31:26+02:00 EMERG (0): Zend_Controller_Dispatcher_Exception: Invalid controller specified (test) -> /var/www/html/OntoWiki/vendor/zendframework/zendframework1/library/Zend/Controller/Dispatcher/Standard.php@248
2018-05-29T15:32:08+02:00 EMERG (0): Erfurt_Store_Adapter_Exception: SPARQL Error: [OpenLink][Virtuoso iODBC Driver][Virtuoso Server]SQ074: Line 2: SP030: SPARQL compiler, line 1: syntax error at '<' before 'http:' ()

 In query: INSERT INTO GRAPH &lt;http://fbwbmakewiki2.th-brandenburg.de/OntoWiki/index.php/test/&gt; {&lt;http://fbwbmakewiki2.th-brandenburg.de/OntoWiki/index.php/test/Navigation/Main&gt; &lt;http://www.w3.org/1999/02/22-rdf-syntax-ns#_4&gt; &lt;http://fbwbmakewiki2.th-brandenburg.de/OntoWiki/index.php/test/Video Example&gt; .
} -> /var/www/html/OntoWiki/vendor/aksw/erfurt/library/Erfurt/Store/Adapter/Virtuoso.php@1086
2018-05-29T15:32:14+02:00 EMERG (0): Zend_Controller_Dispatcher_Exception: Invalid controller specified (test) -> /var/www/html/OntoWiki/vendor/zendframework/zendframework1/library/Zend/Controller/Dispatcher/Standard.php@248
2018-05-29T15:32:46+02:00 EMERG (0): Zend_Controller_Dispatcher_Exception: Invalid controller specified (test) -> /var/www/html/OntoWiki/vendor/zendframework/zendframework1/library/Zend/Controller/Dispatcher/Standard.php@248
2018-05-29T15:32:49+02:00 EMERG (0): Zend_Controller_Dispatcher_Exception: Invalid controller specified (test) -> /var/www/html/OntoWiki/vendor/zendframework/zendframework1/library/Zend/Controller/Dispatcher/Standard.php@248
2018-05-29T15:32:51+02:00 EMERG (0): Zend_Controller_Dispatcher_Exception: Invalid controller specified (test) -> /var/www/html/OntoWiki/vendor/zendframework/zendframework1/library/Zend/Controller/Dispatcher/Standard.php@248
2018-05-29T15:32:58+02:00 EMERG (0): Zend_Controller_Dispatcher_Exception: Invalid controller specified (test) -> /var/www/html/OntoWiki/vendor/zendframework/zendframework1/library/Zend/Controller/Dispatcher/Standard.php@248
2018-05-29T15:33:39+02:00 EMERG (0): Zend_Controller_Dispatcher_Exception: Invalid controller specified (test) -> /var/www/html/OntoWiki/vendor/zendframework/zendframework1/library/Zend/Controller/Dispatcher/Standard.php@248
2018-05-29T15:35:27+02:00 EMERG (0): Zend_Controller_Dispatcher_Exception: Invalid controller specified (test) -> /var/www/html/OntoWiki/vendor/zendframework/zendframework1/library/Zend/Controller/Dispatcher/Standard.php@248
2018-05-29T15:37:09+02:00 EMERG (0): Zend_Controller_Dispatcher_Exception: Invalid controller specified (test) -> /var/www/html/OntoWiki/vendor/zendframework/zendframework1/library/Zend/Controller/Dispatcher/Standard.php@248
2018-05-29T15:37:11+02:00 EMERG (0): Zend_Controller_Dispatcher_Exception: Invalid controller specified (test) -> /var/www/html/OntoWiki/vendor/zendframework/zendframework1/library/Zend/Controller/Dispatcher/Standard.php@248
2018-05-29T15:37:13+02:00 EMERG (0): Zend_Controller_Dispatcher_Exception: Invalid controller specified (test) -> /var/www/html/OntoWiki/vendor/zendframework/zendframework1/library/Zend/Controller/Dispatcher/Standard.php@248
2018-05-29T15:38:56+02:00 EMERG (0): Zend_Controller_Dispatcher_Exception: Invalid controller specified (test) -> /var/www/html/OntoWiki/vendor/zendframework/zendframework1/library/Zend/Controller/Dispatcher/Standard.php@248
2018-05-29T15:40:38+02:00 EMERG (0): Zend_Controller_Dispatcher_Exception: Invalid controller specified (test) -> /var/www/html/OntoWiki/vendor/zendframework/zendframework1/library/Zend/Controller/Dispatcher/Standard.php@248
2018-05-29T15:42:36+02:00 EMERG (0): Zend_Controller_Dispatcher_Exception: Invalid controller specified (test) -> /var/www/html/OntoWiki/vendor/zendframework/zendframework1/library/Zend/Controller/Dispatcher/Standard.php@248
2018-05-29T15:43:34+02:00 EMERG (0): Zend_Controller_Dispatcher_Exception: Invalid controller specified (test) -> /var/www/html/OntoWiki/vendor/zendframework/zendframework1/library/Zend/Controller/Dispatcher/Standard.php@248
2018-05-29T18:33:16+02:00 EMERG (0): Erfurt_Ac_Exception: No valid user was given. -> /var/www/html/OntoWiki/vendor/aksw/erfurt/library/Erfurt/Ac/Default.php@534
2018-05-29T18:33:35+02:00 EMERG (0): Erfurt_Ac_Exception: No valid user was given. -> /var/www/html/OntoWiki/vendor/aksw/erfurt/library/Erfurt/Ac/Default.php@534
2018-05-29T22:34:35+02:00 EMERG (0): Zend_Controller_Dispatcher_Exception: Invalid controller specified (test) -> /var/www/html/OntoWiki/vendor/zendframework/zendframework1/library/Zend/Controller/Dispatcher/Standard.php@248
2018-05-31T10:36:04+02:00 EMERG (0): Zend_Controller_Dispatcher_Exception: Invalid controller specified (test) -> /var/www/html/OntoWiki/vendor/zendframework/zendframework1/library/Zend/Controller/Dispatcher/Standard.php@248
2018-05-31T10:36:13+02:00 EMERG (0): Zend_Controller_Dispatcher_Exception: Invalid controller specified (test) -> /var/www/html/OntoWiki/vendor/zendframework/zendframework1/library/Zend/Controller/Dispatcher/Standard.php@248
2018-06-05T18:03:10+02:00 EMERG (0): OntoWiki_Http_Exception: Unauthorized -> /var/www/html/OntoWiki/application/classes/OntoWiki/Controller/Plugin/SetupHelper.php@64
2018-06-14T18:19:29+02:00 EMERG (0): Zend_Controller_Dispatcher_Exception: Invalid controller specified (extensions) -> /var/www/html/OntoWiki/vendor/zendframework/zendframework1/library/Zend/Controller/Dispatcher/Standard.php@248
2018-06-14T18:20:02+02:00 EMERG (0): Zend_Controller_Dispatcher_Exception: Invalid controller specified (extensions) -> /var/www/html/OntoWiki/vendor/zendframework/zendframework1/library/Zend/Controller/Dispatcher/Standard.php@248
2018-06-14T18:43:17+02:00 EMERG (0): Zend_Controller_Dispatcher_Exception: Invalid controller specified (extensions) -> /var/www/html/OntoWiki/vendor/zendframework/zendframework1/library/Zend/Controller/Dispatcher/Standard.php@248
2018-06-14T19:12:18+02:00 EMERG (0): Erfurt_Ac_Exception: No valid user was given. -> /var/www/html/OntoWiki/vendor/aksw/erfurt/library/Erfurt/Ac/Default.php@534
2018-06-14T19:14:31+02:00 EMERG (0): Erfurt_Ac_Exception: No valid user was given. -> /var/www/html/OntoWiki/vendor/aksw/erfurt/library/Erfurt/Ac/Default.php@534
2018-06-14T19:14:37+02:00 EMERG (0): Erfurt_Ac_Exception: No valid user was given. -> /var/www/html/OntoWiki/vendor/aksw/erfurt/library/Erfurt/Ac/Default.php@534
